---------------------------------
[Sat Jul 15 2017 12:46:13 GMT+0800 (CST)] write db error 23010:
{}
obj:{"city":"sz","id":"59699b2ae94bb7000f790e75","isDownload":"false"}

---------------------------------
[Sat Jul 15 2017 12:56:06 GMT+0800 (CST)] write db error 23010:
{}
obj:{"city":"sz","id":"59699b2fe94bb7000f790e77","isDownload":"false"}

---------------------------------
[Sat Jul 15 2017 13:24:15 GMT+0800 (CST)] write db error 23010:
{}
obj:{"city":"sz","id":"59699b40e94bb7000f790e7b","isDownload":"false"}

---------------------------------
[Sat Jul 15 2017 13:50:12 GMT+0800 (CST)] write db error 23010:
{}
obj:{"city":"sz","id":"59699b96e94bb7000f790e86","isDownload":"false"}

---------------------------------
[Sat Jul 15 2017 14:01:07 GMT+0800 (CST)] write db error 23010:
{}
obj:{"city":"sz","id":"59699ba9e94bb7000f790e8b","isDownload":"false"}

---------------------------------
[Sat Jul 15 2017 14:01:07 GMT+0800 (CST)] write db error 23010:
{}
obj:{"city":"sz","id":"59699ba9e94bb7000f790e8b","isDownload":"false"}

---------------------------------
[Sat Jul 15 2017 14:03:54 GMT+0800 (CST)] write db error 23010:
{}
obj:{"city":"sz","id":"59699babe94bb7000f790e8c","isDownload":"false"}

---------------------------------
[Sat Jul 15 2017 14:03:54 GMT+0800 (CST)] write db error 23010:
{}
obj:{"city":"sz","id":"59699babe94bb7000f790e8c","isDownload":"false"}

---------------------------------
[Sun Jul 16 2017 13:19:15 GMT+0800 (CST)] write db error 23010:
{}
obj:{"city":"sz","id":"596af21cb9bdbf000f546b1f","isDownload":"false"}

---------------------------------
[Sun Jul 16 2017 13:23:47 GMT+0800 (CST)] write db error 23006:
{}
obj:{"city":"sz","id":"596af219b9bdbf000f546b1e","isPrint":"true"}

---------------------------------
[Sun Jul 16 2017 13:23:52 GMT+0800 (CST)] write db error 23006:
{}
obj:{"city":"sz","id":"596af219b9bdbf000f546b1e","isPrint":"true"}

---------------------------------
[Sun Jul 16 2017 13:23:55 GMT+0800 (CST)] write db error 23006:
{}
obj:{"city":"sz","id":"596af219b9bdbf000f546b1e","isPrint":"true"}

---------------------------------
[Sun Jul 16 2017 13:31:29 GMT+0800 (CST)] write db error 23010:
{}
obj:{"city":"sz","id":"596af254b9bdbf000f546b2c","isDownload":"false"}

---------------------------------
[Sun Jul 16 2017 13:38:14 GMT+0800 (CST)] write db error 23010:
{}
obj:{"city":"sz","id":"596af270b9bdbf000f546b30","isDownload":"false"}

---------------------------------
[Sun Jul 16 2017 13:48:23 GMT+0800 (CST)] write db error 23010:
{}
obj:{"city":"sz","id":"596af24fb9bdbf000f546b2b","isDownload":"false"}

---------------------------------
[Sun Jul 16 2017 13:50:44 GMT+0800 (CST)] write db error 23010:
{}
obj:{"city":"sz","id":"596af267b9bdbf000f546b2d","isDownload":"false"}

---------------------------------
[Sun Jul 16 2017 13:55:43 GMT+0800 (CST)] write db error 23010:
{}
obj:{"city":"sz","id":"596af26cb9bdbf000f546b2f","isDownload":"false"}

---------------------------------
[Sun Jul 16 2017 13:57:53 GMT+0800 (CST)] write db error 23010:
{}
obj:{"city":"sz","id":"596af277b9bdbf000f546b32","isDownload":"false"}

---------------------------------
[Mon Jul 17 2017 13:40:02 GMT+0800 (CST)] write db error 23010:
{}
obj:{"city":"sz","id":"596c4a32b9bdbf000f547101","isDownload":"false"}

---------------------------------
[Mon Jul 17 2017 13:48:28 GMT+0800 (CST)] write db error 23010:
{}
obj:{"city":"sz","id":"596c4a46b9bdbf000f547108","isDownload":"false"}

---------------------------------
[Mon Jul 17 2017 13:48:34 GMT+0800 (CST)] write db error 23010:
{}
obj:{"city":"sz","id":"596c4a49b9bdbf000f54710a","isDownload":"false"}

---------------------------------
[Mon Jul 17 2017 14:01:17 GMT+0800 (CST)] write db error 23010:
{}
obj:{"city":"sz","id":"596c4a5ab9bdbf000f54710b","isDownload":"false"}

---------------------------------
[Mon Jul 17 2017 14:22:54 GMT+0800 (CST)] write db error 23010:
{}
obj:{"city":"sz","id":"596c4a5cb9bdbf000f54710c","isDownload":"false"}

---------------------------------
[Mon Jul 17 2017 14:24:11 GMT+0800 (CST)] write db error 23010:
{}
obj:{"city":"sz","id":"596c4a64b9bdbf000f54710f","isDownload":"false"}

---------------------------------
[Mon Jul 17 2017 14:25:45 GMT+0800 (CST)] write db error 23010:
{}
obj:{"city":"sz","id":"596c4a6bb9bdbf000f547114","isDownload":"false"}

---------------------------------
[Mon Jul 17 2017 14:31:02 GMT+0800 (CST)] write db error 23010:
{}
obj:{"city":"sz","id":"596c4a6fb9bdbf000f547115","isDownload":"false"}

---------------------------------
[Mon Jul 17 2017 14:32:11 GMT+0800 (CST)] write db error 23010:
{}
obj:{"city":"sz","id":"596c4a71b9bdbf000f547116","isDownload":"false"}

---------------------------------
[Mon Jul 17 2017 14:32:11 GMT+0800 (CST)] write db error 23010:
{}
obj:{"city":"sz","id":"596c4a71b9bdbf000f547116","isDownload":"false"}

---------------------------------
[Tue Jul 18 2017 14:28:06 GMT+0800 (CST)] write db error 23010:
{}
obj:{"city":"sz","id":"596da5fe2587050023276144","isDownload":"false"}

---------------------------------
[Tue Jul 18 2017 14:28:06 GMT+0800 (CST)] write db error 23010:
{}
obj:{"city":"sz","id":"596da5fe2587050023276144","isDownload":"false"}

---------------------------------
[Tue Jul 18 2017 14:36:23 GMT+0800 (CST)] write db error 23010:
{}
obj:{"city":"sz","id":"596da6042587050023276146","isDownload":"false"}

---------------------------------
[Tue Jul 18 2017 14:36:23 GMT+0800 (CST)] write db error 23010:
{}
obj:{"city":"sz","id":"596da6042587050023276146","isDownload":"false"}

---------------------------------
[Tue Jul 18 2017 14:55:27 GMT+0800 (CST)] write db error 23010:
{}
obj:{"city":"sz","id":"596da6002587050023276145","isDownload":"false"}

---------------------------------
[Tue Jul 18 2017 14:55:27 GMT+0800 (CST)] write db error 23010:
{}
obj:{"city":"sz","id":"596da6002587050023276145","isDownload":"false"}

---------------------------------
[Tue Jul 18 2017 15:02:40 GMT+0800 (CST)] write db error 23010:
{}
obj:{"city":"sz","id":"596da6052587050023276147","isDownload":"false"}

---------------------------------
[Tue Jul 18 2017 15:06:40 GMT+0800 (CST)] write db error 23010:
{}
obj:{"city":"sz","id":"596da6092587050023276148","isDownload":"false"}

---------------------------------
[Tue Jul 18 2017 15:09:51 GMT+0800 (CST)] write db error 23010:
{}
obj:{"city":"sz","id":"596da60a2587050023276149","isDownload":"false"}

---------------------------------
[Tue Jul 18 2017 15:13:48 GMT+0800 (CST)] write db error 23010:
{}
obj:{"city":"sz","id":"596da60a2587050023276149","isDownload":"false"}

---------------------------------
[Tue Jul 18 2017 15:17:49 GMT+0800 (CST)] write db error 23010:
{}
obj:{"city":"sz","id":"596da6092587050023276148","isDownload":"false"}

---------------------------------
[Wed Jul 19 2017 15:09:25 GMT+0800 (CST)] write db error 23010:
{}
obj:{"city":"sz","id":"596f041c25870500232771d4","isDownload":"false"}

---------------------------------
[Wed Jul 19 2017 15:09:25 GMT+0800 (CST)] write db error 23010:
{}
obj:{"city":"sz","id":"596f041c25870500232771d4","isDownload":"false"}

---------------------------------
[Wed Jul 19 2017 15:11:46 GMT+0800 (CST)] write db error 23010:
{}
obj:{"city":"sz","id":"596f041e25870500232771d5","isDownload":"false"}

---------------------------------
[Wed Jul 19 2017 15:16:45 GMT+0800 (CST)] write db error 23010:
{}
obj:{"city":"sz","id":"596f042825870500232771d8","isDownload":"false"}

---------------------------------
[Wed Jul 19 2017 15:16:45 GMT+0800 (CST)] write db error 23010:
{}
obj:{"city":"sz","id":"596f042825870500232771d8","isDownload":"false"}

---------------------------------
[Wed Jul 19 2017 15:19:08 GMT+0800 (CST)] write db error 23010:
{}
obj:{"city":"sz","id":"596f042c25870500232771da","isDownload":"false"}

---------------------------------
[Wed Jul 19 2017 15:31:25 GMT+0800 (CST)] write db error 23010:
{}
obj:{"city":"sz","id":"596f045125870500232771ec","isDownload":"false"}

---------------------------------
[Wed Jul 19 2017 15:31:25 GMT+0800 (CST)] write db error 23010:
{}
obj:{"city":"sz","id":"596f045125870500232771ec","isDownload":"false"}

---------------------------------
[Wed Jul 19 2017 15:37:02 GMT+0800 (CST)] write db error 23010:
{}
obj:{"city":"sz","id":"596f041f25870500232771d6","isDownload":"false"}

---------------------------------
[Wed Jul 19 2017 15:37:02 GMT+0800 (CST)] write db error 23010:
{}
obj:{"city":"sz","id":"596f041f25870500232771d6","isDownload":"false"}

---------------------------------
[Wed Jul 19 2017 15:43:38 GMT+0800 (CST)] write db error 23010:
{}
obj:{"city":"sz","id":"596f042a25870500232771d9","isDownload":"false"}

---------------------------------
[Wed Jul 19 2017 15:47:06 GMT+0800 (CST)] write db error 23010:
{}
obj:{"city":"sz","id":"596f042e25870500232771db","isDownload":"false"}

---------------------------------
[Wed Jul 19 2017 15:51:50 GMT+0800 (CST)] write db error 23010:
{}
obj:{"city":"sz","id":"596f044225870500232771e6","isDownload":"false"}

---------------------------------
[Wed Jul 19 2017 15:53:00 GMT+0800 (CST)] write db error 23010:
{}
obj:{"city":"sz","id":"596f044a25870500232771e8","isDownload":"false"}

---------------------------------
[Wed Jul 19 2017 15:58:23 GMT+0800 (CST)] write db error 23008:
{}
obj:{"city":"sz","id":"596f044025870500232771e5","djpNote":"深航打不了"}

---------------------------------
[Wed Jul 19 2017 16:00:14 GMT+0800 (CST)] write db error 23008:
{}
obj:{"city":"sz","id":"596f044025870500232771e5","djpNote":"深航打不了"}

---------------------------------
[Thu Jul 20 2017 13:45:46 GMT+0800 (CST)] write db error 23010:
{}
obj:{"city":"sz","id":"597042e0ce74d10073afdb2e","isDownload":"false"}

---------------------------------
[Thu Jul 20 2017 13:46:20 GMT+0800 (CST)] write db error 23010:
{}
obj:{"city":"sz","id":"597042e0ce74d10073afdb2e","isDownload":"false"}

---------------------------------
[Thu Jul 20 2017 13:56:43 GMT+0800 (CST)] write db error 23010:
{}
obj:{"city":"sz","id":"597042e2ce74d10073afdb2f","isDownload":"false"}

---------------------------------
[Thu Jul 20 2017 13:56:43 GMT+0800 (CST)] write db error 23010:
{}
obj:{"city":"sz","id":"597042e2ce74d10073afdb2f","isDownload":"false"}

---------------------------------
[Thu Jul 20 2017 13:56:43 GMT+0800 (CST)] write db error 23010:
{}
obj:{"city":"sz","id":"597042e2ce74d10073afdb2f","isDownload":"false"}

---------------------------------
[Thu Jul 20 2017 14:05:04 GMT+0800 (CST)] write db error 23010:
{}
obj:{"city":"sz","id":"597042f2ce74d10073afdb34","isDownload":"false"}

---------------------------------
[Thu Jul 20 2017 14:15:23 GMT+0800 (CST)] write db error 23010:
{}
obj:{"city":"sz","id":"597042f4ce74d10073afdb35","isDownload":"false"}

---------------------------------
[Thu Jul 20 2017 14:15:23 GMT+0800 (CST)] write db error 23010:
{}
obj:{"city":"sz","id":"597042f4ce74d10073afdb35","isDownload":"false"}

---------------------------------
[Thu Jul 20 2017 14:42:58 GMT+0800 (CST)] write db error 23012:
{}
obj:{"city":"sz","id":"597042e0ce74d10073afdb2e","isDownload":"true"}

---------------------------------
[Thu Jul 20 2017 14:42:58 GMT+0800 (CST)] write db error 23012:
{}
obj:{"city":"sz","id":"597042e0ce74d10073afdb2e","isDownload":"true"}

---------------------------------
[Thu Jul 20 2017 14:42:59 GMT+0800 (CST)] write db error 23012:
{}
obj:{"city":"sz","id":"597042e0ce74d10073afdb2e","isDownload":"true"}

---------------------------------
[Thu Jul 20 2017 14:42:59 GMT+0800 (CST)] write db error 23012:
{}
obj:{"city":"sz","id":"597042e0ce74d10073afdb2e","isDownload":"true"}

---------------------------------
[Thu Jul 20 2017 14:43:02 GMT+0800 (CST)] write db error 23012:
{}
obj:{"city":"sz","id":"597042e0ce74d10073afdb2e","isDownload":"true"}

---------------------------------
[Thu Jul 20 2017 14:43:02 GMT+0800 (CST)] write db error 23012:
{}
obj:{"city":"sz","id":"597042e0ce74d10073afdb2e","isDownload":"true"}

---------------------------------
[Thu Jul 20 2017 14:47:02 GMT+0800 (CST)] write db error 23010:
{}
obj:{"city":"sz","id":"59704437ce74d10073afdbbc","isDownload":"false"}

---------------------------------
[Thu Jul 20 2017 14:47:02 GMT+0800 (CST)] write db error 23010:
{}
obj:{"city":"sz","id":"59704437ce74d10073afdbbc","isDownload":"false"}

---------------------------------
[Thu Jul 20 2017 14:55:22 GMT+0800 (CST)] write db error 23010:
{}
obj:{"city":"sz","id":"59704439ce74d10073afdbbd","isDownload":"false"}

---------------------------------
[Thu Jul 20 2017 14:57:48 GMT+0800 (CST)] write db error 23010:
{}
obj:{"city":"sz","id":"5970443bce74d10073afdbbe","isDownload":"false"}

---------------------------------
[Thu Jul 20 2017 14:57:49 GMT+0800 (CST)] write db error 23010:
{}
obj:{"city":"sz","id":"5970443bce74d10073afdbbe","isDownload":"false"}

---------------------------------
[Thu Jul 20 2017 15:26:32 GMT+0800 (CST)] write db error 23010:
{}
obj:{"city":"sz","id":"597059bace74d10073afdcf2","isDownload":"false"}

---------------------------------
[Thu Jul 20 2017 15:26:32 GMT+0800 (CST)] write db error 23010:
{}
obj:{"city":"sz","id":"597059bace74d10073afdcf2","isDownload":"false"}

---------------------------------
[Fri Jul 21 2017 14:53:18 GMT+0800 (CST)] write db error 23010:
{}
obj:{"city":"sz","id":"5971a138ce74d10073afed14","isDownload":"false"}

---------------------------------
[Fri Jul 21 2017 14:53:18 GMT+0800 (CST)] write db error 23010:
{}
obj:{"city":"sz","id":"5971a138ce74d10073afed14","isDownload":"false"}

---------------------------------
[Fri Jul 21 2017 14:57:43 GMT+0800 (CST)] write db error 23010:
{}
obj:{"city":"sz","id":"5971a13ace74d10073afed15","isDownload":"false"}

---------------------------------
[Fri Jul 21 2017 14:57:55 GMT+0800 (CST)] write db error 23010:
{}
obj:{"city":"sz","id":"5971a143ce74d10073afed1a","isDownload":"false"}

---------------------------------
[Fri Jul 21 2017 15:04:35 GMT+0800 (CST)] write db error 23010:
{}
obj:{"city":"sz","id":"5971a175ce74d10073afed22","isDownload":"false"}

---------------------------------
[Fri Jul 21 2017 15:06:48 GMT+0800 (CST)] write db error 23010:
{}
obj:{"city":"sz","id":"5971a186ce74d10073afed27","isDownload":"false"}

---------------------------------
[Fri Jul 21 2017 15:09:27 GMT+0800 (CST)] write db error 23010:
{}
obj:{"city":"sz","id":"5971a18ace74d10073afed29","isDownload":"false"}

---------------------------------
[Fri Jul 21 2017 15:10:59 GMT+0800 (CST)] write db error 23010:
{}
obj:{"city":"sz","id":"5971a194ce74d10073afed30","isDownload":"false"}

---------------------------------
[Fri Jul 21 2017 15:10:59 GMT+0800 (CST)] write db error 23010:
{}
obj:{"city":"sz","id":"5971a194ce74d10073afed30","isDownload":"false"}

---------------------------------
[Fri Jul 21 2017 15:20:39 GMT+0800 (CST)] write db error 23010:
{}
obj:{"city":"sz","id":"5971a13dce74d10073afed17","isDownload":"false"}

---------------------------------
[Fri Jul 21 2017 15:22:34 GMT+0800 (CST)] write db error 23010:
{}
obj:{"city":"sz","id":"5971a16bce74d10073afed1d","isDownload":"false"}

---------------------------------
[Fri Jul 21 2017 15:24:32 GMT+0800 (CST)] write db error 23010:
{}
obj:{"city":"sz","id":"5971a16bce74d10073afed1d","isDownload":"false"}

---------------------------------
[Fri Jul 21 2017 15:32:47 GMT+0800 (CST)] write db error 23010:
{}
obj:{"city":"sz","id":"5971a16ece74d10073afed1f","isDownload":"false"}

---------------------------------
[Fri Jul 21 2017 15:32:47 GMT+0800 (CST)] write db error 23010:
{}
obj:{"city":"sz","id":"5971a16ece74d10073afed1f","isDownload":"false"}

---------------------------------
[Sat Jul 22 2017 13:16:04 GMT+0800 (CST)] write db error 23010:
{}
obj:{"city":"sz","id":"5972dbd4ce74d10073aff95a","isDownload":"false"}

---------------------------------
[Sat Jul 22 2017 13:16:04 GMT+0800 (CST)] write db error 23010:
{}
obj:{"city":"sz","id":"5972dbd4ce74d10073aff95a","isDownload":"false"}

---------------------------------
[Sat Jul 22 2017 13:17:08 GMT+0800 (CST)] write db error 23010:
{}
obj:{"city":"sz","id":"5972dbd3ce74d10073aff959","isDownload":"false"}

---------------------------------
[Sat Jul 22 2017 13:17:08 GMT+0800 (CST)] write db error 23010:
{}
obj:{"city":"sz","id":"5972dbd3ce74d10073aff959","isDownload":"false"}

---------------------------------
[Sat Jul 22 2017 13:17:49 GMT+0800 (CST)] write db error 23010:
{}
obj:{"city":"sz","id":"5972db90ce74d10073aff945","isDownload":"false"}

---------------------------------
[Sat Jul 22 2017 13:17:49 GMT+0800 (CST)] write db error 23010:
{}
obj:{"city":"sz","id":"5972db90ce74d10073aff945","isDownload":"false"}

---------------------------------
[Sat Jul 22 2017 13:25:23 GMT+0800 (CST)] write db error 23010:
{}
obj:{"city":"sz","id":"5972dbb3ce74d10073aff951","isDownload":"false"}

---------------------------------
[Sat Jul 22 2017 13:32:36 GMT+0800 (CST)] write db error 23010:
{}
obj:{"city":"sz","id":"5972db96ce74d10073aff946","isDownload":"false"}

---------------------------------
[Sat Jul 22 2017 13:32:36 GMT+0800 (CST)] write db error 23010:
{}
obj:{"city":"sz","id":"5972db96ce74d10073aff946","isDownload":"false"}

---------------------------------
[Sat Jul 22 2017 13:39:03 GMT+0800 (CST)] write db error 23010:
{}
obj:{"city":"sz","id":"5972dbb3ce74d10073aff951","isDownload":"false"}

---------------------------------
[Sat Jul 22 2017 13:56:55 GMT+0800 (CST)] write db error 23010:
{}
obj:{"city":"sz","id":"5972dbb5ce74d10073aff952","isDownload":"false"}

---------------------------------
[Sat Jul 22 2017 13:56:55 GMT+0800 (CST)] write db error 23010:
{}
obj:{"city":"sz","id":"5972dbb5ce74d10073aff952","isDownload":"false"}

---------------------------------
[Sat Jul 22 2017 13:58:32 GMT+0800 (CST)] write db error 23010:
{}
obj:{"city":"sz","id":"5972dbb7ce74d10073aff953","isDownload":"false"}

---------------------------------
[Sun Jul 23 2017 13:36:14 GMT+0800 (CST)] write db error 23010:
{}
obj:{"city":"sz","id":"597430e9ce74d10073affd5b","isDownload":"false"}

---------------------------------
[Sun Jul 23 2017 13:56:42 GMT+0800 (CST)] write db error 23006:
{}
obj:{"city":"sz","id":"597430e7ce74d10073affd5a","isPrint":"true"}

---------------------------------
[Mon Jul 24 2017 14:05:00 GMT+0800 (CST)] write db error 23012:
{}
obj:{"city":"sz","id":"59758b6ace74d10073b0027c","isDownload":"false"}

---------------------------------
[Mon Jul 24 2017 14:11:14 GMT+0800 (CST)] write db error 23010:
{}
obj:{"city":"sz","id":"59758b7ace74d10073b00283","isDownload":"false"}

---------------------------------
[Mon Jul 24 2017 14:19:04 GMT+0800 (CST)] write db error 23010:
{}
obj:{"city":"sz","id":"59758bd6ce74d10073b00286","isDownload":"false"}

---------------------------------
[Mon Jul 24 2017 14:26:58 GMT+0800 (CST)] write db error 23010:
{}
obj:{"city":"sz","id":"59758be8ce74d10073b0028a","isDownload":"false"}

---------------------------------
[Tue Jul 25 2017 13:53:25 GMT+0800 (CST)] write db error 23010:
{}
obj:{"city":"sz","id":"5976daafce74d10073b01185","isDownload":"false"}

---------------------------------
[Tue Jul 25 2017 13:53:25 GMT+0800 (CST)] write db error 23010:
{}
obj:{"city":"sz","id":"5976daafce74d10073b01185","isDownload":"false"}

---------------------------------
[Tue Jul 25 2017 13:53:25 GMT+0800 (CST)] write db error 23010:
{}
obj:{"city":"sz","id":"5976daafce74d10073b01185","isDownload":"false"}

---------------------------------
[Tue Jul 25 2017 13:53:25 GMT+0800 (CST)] write db error 23010:
{}
obj:{"city":"sz","id":"5976daafce74d10073b01185","isDownload":"false"}

---------------------------------
[Tue Jul 25 2017 13:58:30 GMT+0800 (CST)] write db error 23010:
{}
obj:{"city":"sz","id":"5976daafce74d10073b01185","isDownload":"false"}

---------------------------------
[Tue Jul 25 2017 13:58:30 GMT+0800 (CST)] write db error 23010:
{}
obj:{"city":"sz","id":"5976daafce74d10073b01185","isDownload":"false"}

---------------------------------
[Tue Jul 25 2017 14:03:15 GMT+0800 (CST)] write db error 23010:
{}
obj:{"city":"sz","id":"5976db27ce74d10073b0119a","isDownload":"false"}

---------------------------------
[Tue Jul 25 2017 14:05:58 GMT+0800 (CST)] write db error 23010:
{}
obj:{"city":"sz","id":"5976db3cce74d10073b011a2","isDownload":"false"}

---------------------------------
[Tue Jul 25 2017 14:05:58 GMT+0800 (CST)] write db error 23010:
{}
obj:{"city":"sz","id":"5976db3cce74d10073b011a2","isDownload":"false"}

---------------------------------
[Tue Jul 25 2017 14:08:54 GMT+0800 (CST)] write db error 23010:
{}
obj:{"city":"sz","id":"5976db4fce74d10073b011a9","isDownload":"false"}

---------------------------------
[Tue Jul 25 2017 14:08:54 GMT+0800 (CST)] write db error 23010:
{}
obj:{"city":"sz","id":"5976db4fce74d10073b011a9","isDownload":"false"}

---------------------------------
[Tue Jul 25 2017 14:11:46 GMT+0800 (CST)] write db error 23010:
{}
obj:{"city":"sz","id":"5976db5dce74d10073b011b0","isDownload":"false"}

---------------------------------
[Tue Jul 25 2017 14:11:46 GMT+0800 (CST)] write db error 23010:
{}
obj:{"city":"sz","id":"5976db5dce74d10073b011b0","isDownload":"false"}

---------------------------------
[Tue Jul 25 2017 14:14:30 GMT+0800 (CST)] write db error 23010:
{}
obj:{"city":"sz","id":"5976db6dce74d10073b011b6","isDownload":"false"}

---------------------------------
[Tue Jul 25 2017 14:14:30 GMT+0800 (CST)] write db error 23010:
{}
obj:{"city":"sz","id":"5976db6dce74d10073b011b6","isDownload":"false"}

---------------------------------
[Tue Jul 25 2017 14:22:38 GMT+0800 (CST)] write db error 23010:
{}
obj:{"city":"sz","id":"5976db37ce74d10073b011a1","isDownload":"false"}

---------------------------------
[Tue Jul 25 2017 14:27:11 GMT+0800 (CST)] write db error 23010:
{}
obj:{"city":"sz","id":"5976db41ce74d10073b011a5","isDownload":"false"}

---------------------------------
[Tue Jul 25 2017 14:27:11 GMT+0800 (CST)] write db error 23010:
{}
obj:{"city":"sz","id":"5976db41ce74d10073b011a5","isDownload":"false"}

---------------------------------
[Tue Jul 25 2017 14:30:06 GMT+0800 (CST)] write db error 23010:
{}
obj:{"city":"sz","id":"5976db4dce74d10073b011a8","isDownload":"false"}

---------------------------------
[Tue Jul 25 2017 14:31:18 GMT+0800 (CST)] write db error 23010:
{}
obj:{"city":"sz","id":"5976db51ce74d10073b011ab","isDownload":"false"}

---------------------------------
[Tue Jul 25 2017 14:31:18 GMT+0800 (CST)] write db error 23010:
{}
obj:{"city":"sz","id":"5976db51ce74d10073b011ab","isDownload":"false"}

---------------------------------
[Tue Jul 25 2017 14:33:07 GMT+0800 (CST)] write db error 23010:
{}
obj:{"city":"sz","id":"5976db52ce74d10073b011ac","isDownload":"false"}

---------------------------------
[Tue Jul 25 2017 14:33:07 GMT+0800 (CST)] write db error 23010:
{}
obj:{"city":"sz","id":"5976db52ce74d10073b011ac","isDownload":"false"}

---------------------------------
[Wed Jul 26 2017 13:09:45 GMT+0800 (CST)] write db error 23010:
{}
obj:{"city":"sz","id":"59781916ce74d10073b02078","isDownload":"false"}

---------------------------------
[Wed Jul 26 2017 14:01:39 GMT+0800 (CST)] write db error 23010:
{}
obj:{"city":"sz","id":"59781920ce74d10073b0207c","isDownload":"false"}

---------------------------------
[Wed Jul 26 2017 14:25:54 GMT+0800 (CST)] write db error 23010:
{}
obj:{"city":"sz","id":"5978193bce74d10073b02088","isDownload":"false"}

---------------------------------
[Wed Jul 26 2017 14:25:54 GMT+0800 (CST)] write db error 23010:
{}
obj:{"city":"sz","id":"5978193bce74d10073b02088","isDownload":"false"}

---------------------------------
[Thu Jul 27 2017 14:22:55 GMT+0800 (CST)] write db error 23010:
{}
obj:{"city":"sz","id":"597984d2ce74d10073b02b70","isDownload":"false"}

---------------------------------
[Thu Jul 27 2017 14:22:55 GMT+0800 (CST)] write db error 23010:
{}
obj:{"city":"sz","id":"597984d2ce74d10073b02b70","isDownload":"false"}

---------------------------------
[Thu Jul 27 2017 14:26:27 GMT+0800 (CST)] write db error 23010:
{}
obj:{"city":"sz","id":"597984dfce74d10073b02b71","isDownload":"false"}

---------------------------------
[Thu Jul 27 2017 14:26:27 GMT+0800 (CST)] write db error 23010:
{}
obj:{"city":"sz","id":"597984dfce74d10073b02b71","isDownload":"false"}

---------------------------------
[Thu Jul 27 2017 14:27:26 GMT+0800 (CST)] write db error 23010:
{}
obj:{"city":"sz","id":"5979851cce74d10073b02b72","isDownload":"false"}

---------------------------------
[Thu Jul 27 2017 14:27:45 GMT+0800 (CST)] write db error 23010:
{}
obj:{"city":"sz","id":"59798525ce74d10073b02b73","isDownload":"false"}

---------------------------------
[Thu Jul 27 2017 14:27:45 GMT+0800 (CST)] write db error 23010:
{}
obj:{"city":"sz","id":"59798525ce74d10073b02b73","isDownload":"false"}

---------------------------------
[Thu Jul 27 2017 14:33:43 GMT+0800 (CST)] write db error 23010:
{}
obj:{"city":"sz","id":"59798528ce74d10073b02b74","isDownload":"false"}

---------------------------------
[Thu Jul 27 2017 14:33:43 GMT+0800 (CST)] write db error 23010:
{}
obj:{"city":"sz","id":"59798528ce74d10073b02b74","isDownload":"false"}

---------------------------------
[Thu Jul 27 2017 14:35:25 GMT+0800 (CST)] write db error 23010:
{}
obj:{"city":"sz","id":"5979852cce74d10073b02b75","isDownload":"false"}

---------------------------------
[Thu Jul 27 2017 14:35:25 GMT+0800 (CST)] write db error 23010:
{}
obj:{"city":"sz","id":"5979852cce74d10073b02b75","isDownload":"false"}

---------------------------------
[Thu Jul 27 2017 14:37:29 GMT+0800 (CST)] write db error 23010:
{}
obj:{"city":"sz","id":"5979854bce74d10073b02b78","isDownload":"false"}

---------------------------------
[Thu Jul 27 2017 14:42:05 GMT+0800 (CST)] write db error 23010:
{}
obj:{"city":"sz","id":"5979851cce74d10073b02b72","isDownload":"false"}

---------------------------------
[Thu Jul 27 2017 14:51:10 GMT+0800 (CST)] write db error 23010:
{}
obj:{"city":"sz","id":"5979852ece74d10073b02b76","isDownload":"false"}

---------------------------------
[Thu Jul 27 2017 14:51:10 GMT+0800 (CST)] write db error 23010:
{}
obj:{"city":"sz","id":"5979852ece74d10073b02b76","isDownload":"false"}

---------------------------------
[Thu Jul 27 2017 14:51:59 GMT+0800 (CST)] write db error 23010:
{}
obj:{"city":"sz","id":"59798530ce74d10073b02b77","isDownload":"false"}

---------------------------------
[Fri Jul 28 2017 15:42:03 GMT+0800 (CST)] write db error 23010:
{}
obj:{"city":"sz","id":"597ae3c700937a02ad6aeff0","isDownload":"false"}

---------------------------------
[Sat Jul 29 2017 12:58:28 GMT+0800 (CST)] write db error 23010:
{}
obj:{"city":"sz","id":"597c127000937a02ad6b0055","isDownload":"false"}

---------------------------------
[Sat Jul 29 2017 12:58:34 GMT+0800 (CST)] write db error 23010:
{}
obj:{"city":"sz","id":"597c128100937a02ad6b0058","isDownload":"false"}

---------------------------------
[Sat Jul 29 2017 13:18:29 GMT+0800 (CST)] write db error 23010:
{}
obj:{"city":"sz","id":"597c128e00937a02ad6b005c","isDownload":"false"}

---------------------------------
[Sat Jul 29 2017 14:05:26 GMT+0800 (CST)] write db error 23010:
{}
obj:{"city":"sz","id":"597c129100937a02ad6b005d","isDownload":"false"}

---------------------------------
[Sat Jul 29 2017 14:05:26 GMT+0800 (CST)] write db error 23010:
{}
obj:{"city":"sz","id":"597c129100937a02ad6b005d","isDownload":"false"}

---------------------------------
[Sat Jul 29 2017 14:16:43 GMT+0800 (CST)] write db error 23010:
{}
obj:{"city":"sz","id":"597c129100937a02ad6b005d","isDownload":"false"}

---------------------------------
[Sun Jul 30 2017 12:57:32 GMT+0800 (CST)] write db error 23012:
{}
obj:{"city":"sz","id":"597d662600937a02ad6b0648","isDownload":"false"}

---------------------------------
[Sun Jul 30 2017 12:57:36 GMT+0800 (CST)] write db error 23012:
{}
obj:{"city":"sz","id":"597d662600937a02ad6b0648","isDownload":"false"}

---------------------------------
[Sun Jul 30 2017 12:57:40 GMT+0800 (CST)] write db error 23012:
{}
obj:{"city":"sz","id":"597d662600937a02ad6b0648","isDownload":"false"}

---------------------------------
[Sun Jul 30 2017 12:58:12 GMT+0800 (CST)] write db error 23012:
{}
obj:{"city":"sz","id":"597d662600937a02ad6b0648","isDownload":"false"}

---------------------------------
[Sun Jul 30 2017 13:00:35 GMT+0800 (CST)] write db error 23012:
{}
obj:{"city":"sz","id":"597d662600937a02ad6b0648","isDownload":"false"}

---------------------------------
[Sun Jul 30 2017 13:02:00 GMT+0800 (CST)] write db error 23012:
{}
obj:{"city":"sz","id":"597d662600937a02ad6b0648","isDownload":"false"}

---------------------------------
[Sun Jul 30 2017 13:02:02 GMT+0800 (CST)] write db error 23012:
{}
obj:{"city":"sz","id":"597d662600937a02ad6b0648","isDownload":"false"}

---------------------------------
[Sun Jul 30 2017 13:02:02 GMT+0800 (CST)] write db error 23010:
{}
obj:{"city":"sz","id":"597d660800937a02ad6b0642","isDownload":"false"}

---------------------------------
[Sun Jul 30 2017 13:02:03 GMT+0800 (CST)] write db error 23012:
{}
obj:{"city":"sz","id":"597d662600937a02ad6b0648","isDownload":"false"}

---------------------------------
[Sun Jul 30 2017 13:02:03 GMT+0800 (CST)] write db error 23012:
{}
obj:{"city":"sz","id":"597d662600937a02ad6b0648","isDownload":"false"}

---------------------------------
[Sun Jul 30 2017 13:02:04 GMT+0800 (CST)] write db error 23012:
{}
obj:{"city":"sz","id":"597d662600937a02ad6b0648","isDownload":"false"}

---------------------------------
[Sun Jul 30 2017 13:04:38 GMT+0800 (CST)] write db error 23012:
{}
obj:{"city":"sz","id":"597d662600937a02ad6b0648","isDownload":"false"}

---------------------------------
[Sun Jul 30 2017 13:04:39 GMT+0800 (CST)] write db error 23012:
{}
obj:{"city":"sz","id":"597d662600937a02ad6b0648","isDownload":"false"}

---------------------------------
[Sun Jul 30 2017 13:04:39 GMT+0800 (CST)] write db error 23012:
{}
obj:{"city":"sz","id":"597d662600937a02ad6b0648","isDownload":"false"}

---------------------------------
[Sun Jul 30 2017 13:04:39 GMT+0800 (CST)] write db error 23012:
{}
obj:{"city":"sz","id":"597d662600937a02ad6b0648","isDownload":"false"}

---------------------------------
[Sun Jul 30 2017 13:10:58 GMT+0800 (CST)] write db error 23010:
{}
obj:{"city":"sz","id":"597d660a00937a02ad6b0643","isDownload":"false"}

---------------------------------
[Sun Jul 30 2017 13:10:58 GMT+0800 (CST)] write db error 23010:
{}
obj:{"city":"sz","id":"597d660a00937a02ad6b0643","isDownload":"false"}

---------------------------------
[Sun Jul 30 2017 13:10:58 GMT+0800 (CST)] write db error 23010:
{}
obj:{"city":"sz","id":"597d660a00937a02ad6b0643","isDownload":"false"}

---------------------------------
[Sun Jul 30 2017 13:12:31 GMT+0800 (CST)] write db error 23010:
{}
obj:{"city":"sz","id":"597d660b00937a02ad6b0644","isDownload":"false"}

---------------------------------
[Sun Jul 30 2017 13:12:31 GMT+0800 (CST)] write db error 23010:
{}
obj:{"city":"sz","id":"597d660b00937a02ad6b0644","isDownload":"false"}

---------------------------------
[Sun Jul 30 2017 13:16:52 GMT+0800 (CST)] write db error 23010:
{}
obj:{"city":"sz","id":"597d663b00937a02ad6b0651","isDownload":"false"}

---------------------------------
[Sun Jul 30 2017 13:16:52 GMT+0800 (CST)] write db error 23010:
{}
obj:{"city":"sz","id":"597d663b00937a02ad6b0651","isDownload":"false"}

---------------------------------
[Sun Jul 30 2017 13:17:59 GMT+0800 (CST)] write db error 23010:
{}
obj:{"city":"sz","id":"597d662900937a02ad6b0649","isDownload":"false"}

---------------------------------
[Sun Jul 30 2017 13:22:03 GMT+0800 (CST)] write db error 23010:
{}
obj:{"city":"sz","id":"597d663800937a02ad6b064f","isDownload":"false"}

---------------------------------
[Sun Jul 30 2017 13:22:03 GMT+0800 (CST)] write db error 23010:
{}
obj:{"city":"sz","id":"597d663800937a02ad6b064f","isDownload":"false"}

---------------------------------
[Sun Jul 30 2017 13:37:49 GMT+0800 (CST)] write db error 23010:
{}
obj:{"city":"sz","id":"597d6ede00937a02ad6b0680","isDownload":"false"}

---------------------------------
[Mon Jul 31 2017 14:42:09 GMT+0800 (CST)] write db error 23010:
{}
obj:{"city":"sz","id":"597ed02300937a02ad6b0dba","isDownload":"false"}

---------------------------------
[Mon Jul 31 2017 14:42:09 GMT+0800 (CST)] write db error 23010:
{}
obj:{"city":"sz","id":"597ed02300937a02ad6b0dba","isDownload":"false"}

---------------------------------
[Mon Jul 31 2017 14:50:43 GMT+0800 (CST)] write db error 23010:
{}
obj:{"city":"sz","id":"597ed06600937a02ad6b0dcc","isDownload":"false"}

---------------------------------
[Mon Jul 31 2017 14:50:44 GMT+0800 (CST)] write db error 23010:
{}
obj:{"city":"sz","id":"597ed06600937a02ad6b0dcc","isDownload":"false"}

---------------------------------
[Mon Jul 31 2017 15:09:18 GMT+0800 (CST)] write db error 23010:
{}
obj:{"city":"sz","id":"597ed06700937a02ad6b0dcd","isDownload":"false"}

---------------------------------
[Mon Jul 31 2017 15:16:08 GMT+0800 (CST)] write db error 23010:
{}
obj:{"city":"sz","id":"597ed07600937a02ad6b0dd4","isDownload":"false"}

---------------------------------
[Mon Jul 31 2017 15:16:08 GMT+0800 (CST)] write db error 23010:
{}
obj:{"city":"sz","id":"597ed07600937a02ad6b0dd4","isDownload":"false"}

---------------------------------
[Mon Jul 31 2017 15:30:32 GMT+0800 (CST)] write db error 23010:
{}
obj:{"city":"sz","id":"597ed07800937a02ad6b0dd5","isDownload":"false"}

---------------------------------
[Mon Jul 31 2017 15:30:32 GMT+0800 (CST)] write db error 23010:
{}
obj:{"city":"sz","id":"597ed07800937a02ad6b0dd5","isDownload":"false"}

---------------------------------
[Mon Jul 31 2017 15:31:40 GMT+0800 (CST)] write db error 23010:
{}
obj:{"city":"sz","id":"597ed07e00937a02ad6b0dd6","isDownload":"false"}

---------------------------------
[Mon Jul 31 2017 15:38:22 GMT+0800 (CST)] write db error 23010:
{}
obj:{"city":"sz","id":"597ed01f00937a02ad6b0db8","isDownload":"false"}

---------------------------------
[Mon Jul 31 2017 15:38:22 GMT+0800 (CST)] write db error 23010:
{}
obj:{"city":"sz","id":"597ed01f00937a02ad6b0db8","isDownload":"false"}

---------------------------------
[Mon Jul 31 2017 15:39:53 GMT+0800 (CST)] write db error 23010:
{}
obj:{"city":"sz","id":"597ed06e00937a02ad6b0dcf","isDownload":"false"}

---------------------------------
[Mon Jul 31 2017 15:39:53 GMT+0800 (CST)] write db error 23010:
{}
obj:{"city":"sz","id":"597ed06e00937a02ad6b0dcf","isDownload":"false"}

---------------------------------
[Mon Jul 31 2017 15:41:32 GMT+0800 (CST)] write db error 23010:
{}
obj:{"city":"sz","id":"597ed07100937a02ad6b0dd1","isDownload":"false"}

---------------------------------
[Mon Jul 31 2017 15:41:32 GMT+0800 (CST)] write db error 23010:
{}
obj:{"city":"sz","id":"597ed07100937a02ad6b0dd1","isDownload":"false"}

---------------------------------
[Tue Aug 01 2017 13:01:32 GMT+0800 (CST)] write db error 23010:
{}
obj:{"city":"sz","id":"597ffe9200937a02ad6b19f1","isDownload":"false"}

---------------------------------
[Wed Aug 02 2017 14:40:19 GMT+0800 (CST)] write db error 23010:
{}
obj:{"city":"sz","id":"5981732d00937a02ad6b2bd3","isDownload":"false"}

---------------------------------
[Wed Aug 02 2017 14:44:05 GMT+0800 (CST)] write db error 23010:
{}
obj:{"city":"sz","id":"5981734100937a02ad6b2bda","isDownload":"false"}

---------------------------------
[Wed Aug 02 2017 14:48:15 GMT+0800 (CST)] write db error 23010:
{}
obj:{"city":"sz","id":"5981734000937a02ad6b2bd9","isDownload":"false"}

---------------------------------
[Wed Aug 02 2017 14:49:51 GMT+0800 (CST)] write db error 23010:
{}
obj:{"city":"sz","id":"5981734100937a02ad6b2bda","isDownload":"false"}

---------------------------------
[Wed Aug 02 2017 14:58:18 GMT+0800 (CST)] write db error 23010:
{}
obj:{"city":"sz","id":"5981734700937a02ad6b2bdc","isDownload":"false"}

---------------------------------
[Wed Aug 02 2017 14:58:18 GMT+0800 (CST)] write db error 23010:
{}
obj:{"city":"sz","id":"5981734700937a02ad6b2bdc","isDownload":"false"}

---------------------------------
[Wed Aug 02 2017 14:59:03 GMT+0800 (CST)] write db error 23010:
{}
obj:{"city":"sz","id":"5981735700937a02ad6b2be0","isDownload":"false"}

---------------------------------
[Wed Aug 02 2017 14:59:03 GMT+0800 (CST)] write db error 23010:
{}
obj:{"city":"sz","id":"5981735700937a02ad6b2be0","isDownload":"false"}

---------------------------------
[Wed Aug 02 2017 14:59:03 GMT+0800 (CST)] write db error 23010:
{}
obj:{"city":"sz","id":"5981735700937a02ad6b2be0","isDownload":"false"}

---------------------------------
[Wed Aug 02 2017 14:59:36 GMT+0800 (CST)] write db error 23010:
{}
obj:{"city":"sz","id":"5981735600937a02ad6b2bdf","isDownload":"false"}

---------------------------------
[Wed Aug 02 2017 15:03:51 GMT+0800 (CST)] write db error 23010:
{}
obj:{"city":"sz","id":"5981736900937a02ad6b2be8","isDownload":"false"}

---------------------------------
[Wed Aug 02 2017 15:03:51 GMT+0800 (CST)] write db error 23010:
{}
obj:{"city":"sz","id":"5981736900937a02ad6b2be8","isDownload":"false"}

---------------------------------
[Thu Aug 03 2017 13:27:25 GMT+0800 (CST)] write db error 23010:
{}
obj:{"city":"sz","id":"5982b2d800937a02ad6b3841","isDownload":"false"}

---------------------------------
[Thu Aug 03 2017 14:01:22 GMT+0800 (CST)] write db error 23010:
{}
obj:{"city":"sz","id":"5982b2e500937a02ad6b3844","isDownload":"false"}

---------------------------------
[Thu Aug 03 2017 14:27:40 GMT+0800 (CST)] write db error 23010:
{}
obj:{"city":"sz","id":"5982b32800937a02ad6b3850","isDownload":"false"}

---------------------------------
[Thu Aug 03 2017 14:27:40 GMT+0800 (CST)] write db error 23010:
{}
obj:{"city":"sz","id":"5982b32800937a02ad6b3850","isDownload":"false"}

---------------------------------
[Fri Aug 04 2017 13:42:03 GMT+0800 (CST)] write db error 23010:
{}
obj:{"city":"sz","id":"5983eb2e00937a02ad6b48c2","isDownload":"false"}

---------------------------------
[Fri Aug 04 2017 13:42:03 GMT+0800 (CST)] write db error 23010:
{}
obj:{"city":"sz","id":"5983eb2e00937a02ad6b48c2","isDownload":"false"}

---------------------------------
[Fri Aug 04 2017 13:42:03 GMT+0800 (CST)] write db error 23010:
{}
obj:{"city":"sz","id":"5983eb2e00937a02ad6b48c2","isDownload":"false"}

---------------------------------
[Fri Aug 04 2017 13:42:03 GMT+0800 (CST)] write db error 23010:
{}
obj:{"city":"sz","id":"5983eb2e00937a02ad6b48c2","isDownload":"false"}

---------------------------------
[Fri Aug 04 2017 13:42:03 GMT+0800 (CST)] write db error 23010:
{}
obj:{"city":"sz","id":"5983eb2e00937a02ad6b48c2","isDownload":"false"}

---------------------------------
[Fri Aug 04 2017 13:42:03 GMT+0800 (CST)] write db error 23010:
{}
obj:{"city":"sz","id":"5983eb2e00937a02ad6b48c2","isDownload":"false"}

---------------------------------
[Fri Aug 04 2017 13:42:03 GMT+0800 (CST)] write db error 23010:
{}
obj:{"city":"sz","id":"5983eb2e00937a02ad6b48c2","isDownload":"false"}

---------------------------------
[Fri Aug 04 2017 13:42:03 GMT+0800 (CST)] write db error 23010:
{}
obj:{"city":"sz","id":"5983eb2e00937a02ad6b48c2","isDownload":"false"}

---------------------------------
[Fri Aug 04 2017 13:42:03 GMT+0800 (CST)] write db error 23010:
{}
obj:{"city":"sz","id":"5983eb2e00937a02ad6b48c2","isDownload":"false"}

---------------------------------
[Fri Aug 04 2017 13:42:03 GMT+0800 (CST)] write db error 23010:
{}
obj:{"city":"sz","id":"5983eb2e00937a02ad6b48c2","isDownload":"false"}

---------------------------------
[Fri Aug 04 2017 13:42:03 GMT+0800 (CST)] write db error 23010:
{}
obj:{"city":"sz","id":"5983eb2e00937a02ad6b48c2","isDownload":"false"}

---------------------------------
[Fri Aug 04 2017 13:42:03 GMT+0800 (CST)] write db error 23010:
{}
obj:{"city":"sz","id":"5983eb2e00937a02ad6b48c2","isDownload":"false"}

---------------------------------
[Fri Aug 04 2017 13:42:03 GMT+0800 (CST)] write db error 23010:
{}
obj:{"city":"sz","id":"5983eb2e00937a02ad6b48c2","isDownload":"false"}

---------------------------------
[Fri Aug 04 2017 13:42:03 GMT+0800 (CST)] write db error 23010:
{}
obj:{"city":"sz","id":"5983eb2e00937a02ad6b48c2","isDownload":"false"}

---------------------------------
[Fri Aug 04 2017 13:42:03 GMT+0800 (CST)] write db error 23010:
{}
obj:{"city":"sz","id":"5983eb2e00937a02ad6b48c2","isDownload":"false"}

---------------------------------
[Fri Aug 04 2017 13:42:03 GMT+0800 (CST)] write db error 23010:
{}
obj:{"city":"sz","id":"5983eb2e00937a02ad6b48c2","isDownload":"false"}

---------------------------------
[Fri Aug 04 2017 13:42:03 GMT+0800 (CST)] write db error 23010:
{}
obj:{"city":"sz","id":"5983eb2e00937a02ad6b48c2","isDownload":"false"}

---------------------------------
[Fri Aug 04 2017 13:42:03 GMT+0800 (CST)] write db error 23010:
{}
obj:{"city":"sz","id":"5983eb2e00937a02ad6b48c2","isDownload":"false"}

---------------------------------
[Fri Aug 04 2017 13:42:03 GMT+0800 (CST)] write db error 23010:
{}
obj:{"city":"sz","id":"5983eb2e00937a02ad6b48c2","isDownload":"false"}

---------------------------------
[Fri Aug 04 2017 13:42:03 GMT+0800 (CST)] write db error 23010:
{}
obj:{"city":"sz","id":"5983eb2e00937a02ad6b48c2","isDownload":"false"}

---------------------------------
[Fri Aug 04 2017 13:42:03 GMT+0800 (CST)] write db error 23010:
{}
obj:{"city":"sz","id":"5983eb2e00937a02ad6b48c2","isDownload":"false"}

---------------------------------
[Fri Aug 04 2017 13:42:03 GMT+0800 (CST)] write db error 23010:
{}
obj:{"city":"sz","id":"5983eb2e00937a02ad6b48c2","isDownload":"false"}

---------------------------------
[Fri Aug 04 2017 13:42:03 GMT+0800 (CST)] write db error 23010:
{}
obj:{"city":"sz","id":"5983eb2e00937a02ad6b48c2","isDownload":"false"}

---------------------------------
[Fri Aug 04 2017 13:42:03 GMT+0800 (CST)] write db error 23010:
{}
obj:{"city":"sz","id":"5983eb2e00937a02ad6b48c2","isDownload":"false"}

---------------------------------
[Fri Aug 04 2017 13:42:03 GMT+0800 (CST)] write db error 23010:
{}
obj:{"city":"sz","id":"5983eb2e00937a02ad6b48c2","isDownload":"false"}

---------------------------------
[Sat Aug 05 2017 12:14:50 GMT+0800 (CST)] write db error 23010:
{}
obj:{"city":"sz","id":"5985431100937a02ad6b596b","isDownload":"false"}

---------------------------------
[Sat Aug 05 2017 12:29:12 GMT+0800 (CST)] write db error 23010:
{}
obj:{"city":"sz","id":"5985431300937a02ad6b596c","isDownload":"false"}

---------------------------------
[Sat Aug 05 2017 12:45:16 GMT+0800 (CST)] write db error 23010:
{}
obj:{"city":"sz","id":"598543a100937a02ad6b597d","isDownload":"false"}

---------------------------------
[Sun Aug 06 2017 13:11:00 GMT+0800 (CST)] write db error 23010:
{}
obj:{"city":"sz","id":"5986a44100937a02ad6b60c4","isDownload":"false"}

---------------------------------
[Sun Aug 06 2017 13:40:58 GMT+0800 (CST)] write db error 23010:
{}
obj:{"city":"sz","id":"5986a44700937a02ad6b60c7","isDownload":"false"}

---------------------------------
[Mon Aug 07 2017 12:36:45 GMT+0800 (CST)] write db error 23010:
{}
obj:{"city":"sz","id":"5987e49b9fa3e1000f142364","isDownload":"false"}

---------------------------------
[Mon Aug 07 2017 12:38:55 GMT+0800 (CST)] write db error 23010:
{}
obj:{"city":"sz","id":"5987e4d09fa3e1000f142372","isDownload":"false"}

---------------------------------
[Mon Aug 07 2017 12:59:28 GMT+0800 (CST)] write db error 23010:
{}
obj:{"city":"sz","id":"5987e49c9fa3e1000f142365","isDownload":"false"}

---------------------------------
[Mon Aug 07 2017 13:00:42 GMT+0800 (CST)] write db error 23010:
{}
obj:{"city":"sz","id":"5987e4c19fa3e1000f142369","isDownload":"false"}

---------------------------------
[Mon Aug 07 2017 13:25:18 GMT+0800 (CST)] write db error 23010:
{}
obj:{"city":"sz","id":"5987e4c99fa3e1000f14236e","isDownload":"false"}

---------------------------------
[Tue Aug 08 2017 13:56:02 GMT+0800 (CST)] write db error 23010:
{}
obj:{"city":"sz","id":"59894bee9fa3e1000f14367b","isDownload":"false"}

---------------------------------
[Tue Aug 08 2017 14:41:47 GMT+0800 (CST)] write db error 23010:
{}
obj:{"city":"sz","id":"59894c009fa3e1000f143682","isDownload":"false"}

---------------------------------
[Tue Aug 08 2017 14:50:29 GMT+0800 (CST)] write db error 23010:
{}
obj:{"city":"sz","id":"59894be99fa3e1000f14367a","isDownload":"false"}

---------------------------------
[Tue Aug 08 2017 14:52:33 GMT+0800 (CST)] write db error 23010:
{}
obj:{"city":"sz","id":"59894be99fa3e1000f14367a","isDownload":"false"}

---------------------------------
[Wed Aug 09 2017 14:41:54 GMT+0800 (CST)] write db error 23010:
{}
obj:{"city":"sz","id":"598aae199fa3e1000f144465","isDownload":"false"}

---------------------------------
[Wed Aug 09 2017 14:41:55 GMT+0800 (CST)] write db error 23010:
{}
obj:{"city":"sz","id":"598aae199fa3e1000f144465","isDownload":"false"}

---------------------------------
[Wed Aug 09 2017 14:52:19 GMT+0800 (CST)] write db error 23010:
{}
obj:{"city":"sz","id":"598aae3a9fa3e1000f14446a","isDownload":"false"}

---------------------------------
[Wed Aug 09 2017 14:54:16 GMT+0800 (CST)] write db error 23010:
{}
obj:{"city":"sz","id":"598aae5a9fa3e1000f144472","isDownload":"false"}

---------------------------------
[Wed Aug 09 2017 14:55:52 GMT+0800 (CST)] write db error 23010:
{}
obj:{"city":"sz","id":"598aae5b9fa3e1000f144473","isDownload":"false"}

---------------------------------
[Wed Aug 09 2017 14:58:04 GMT+0800 (CST)] write db error 23010:
{}
obj:{"city":"sz","id":"598aae5d9fa3e1000f144474","isDownload":"false"}

---------------------------------
[Wed Aug 09 2017 14:58:53 GMT+0800 (CST)] write db error 23010:
{}
obj:{"city":"sz","id":"598aae489fa3e1000f14446c","isDownload":"false"}

---------------------------------
[Wed Aug 09 2017 14:58:53 GMT+0800 (CST)] write db error 23010:
{}
obj:{"city":"sz","id":"598aae489fa3e1000f14446c","isDownload":"false"}

---------------------------------
[Wed Aug 09 2017 15:06:16 GMT+0800 (CST)] write db error 23010:
{}
obj:{"city":"sz","id":"598aae4b9fa3e1000f14446d","isDownload":"false"}

---------------------------------
[Wed Aug 09 2017 15:06:16 GMT+0800 (CST)] write db error 23010:
{}
obj:{"city":"sz","id":"598aae4b9fa3e1000f14446d","isDownload":"false"}

---------------------------------
[Wed Aug 09 2017 15:08:14 GMT+0800 (CST)] write db error 23010:
{}
obj:{"city":"sz","id":"598aae4c9fa3e1000f14446e","isDownload":"false"}

---------------------------------
[Wed Aug 09 2017 15:08:14 GMT+0800 (CST)] write db error 23010:
{}
obj:{"city":"sz","id":"598aae4c9fa3e1000f14446e","isDownload":"false"}

---------------------------------
[Wed Aug 09 2017 15:12:19 GMT+0800 (CST)] write db error 23010:
{}
obj:{"city":"sz","id":"598aae549fa3e1000f144470","isDownload":"false"}

---------------------------------
[Wed Aug 09 2017 15:17:55 GMT+0800 (CST)] write db error 23010:
{}
obj:{"city":"sz","id":"598aae589fa3e1000f144471","isDownload":"false"}

---------------------------------
[Wed Aug 09 2017 15:18:32 GMT+0800 (CST)] write db error 23010:
{}
obj:{"city":"sz","id":"598aae709fa3e1000f144477","isDownload":"false"}

---------------------------------
[Wed Aug 09 2017 15:18:32 GMT+0800 (CST)] write db error 23010:
{}
obj:{"city":"sz","id":"598aae709fa3e1000f144477","isDownload":"false"}

---------------------------------
[Thu Aug 10 2017 14:17:30 GMT+0800 (CST)] write db error 23010:
{}
obj:{"city":"sz","id":"598bf7349fa3e1000f1457b7","isDownload":"false"}

---------------------------------
[Thu Aug 10 2017 14:20:44 GMT+0800 (CST)] write db error 23010:
{}
obj:{"city":"sz","id":"598bf7409fa3e1000f1457ba","isDownload":"false"}

---------------------------------
[Thu Aug 10 2017 14:27:19 GMT+0800 (CST)] write db error 23010:
{}
obj:{"city":"sz","id":"598bf74a9fa3e1000f1457bd","isDownload":"false"}

---------------------------------
[Thu Aug 10 2017 14:28:02 GMT+0800 (CST)] write db error 23010:
{}
obj:{"city":"sz","id":"598bf74b9fa3e1000f1457be","isDownload":"false"}

---------------------------------
[Thu Aug 10 2017 14:30:50 GMT+0800 (CST)] write db error 23010:
{}
obj:{"city":"sz","id":"598bf74f9fa3e1000f1457c0","isDownload":"false"}

---------------------------------
[Thu Aug 10 2017 14:32:50 GMT+0800 (CST)] write db error 23010:
{}
obj:{"city":"sz","id":"598bf76a9fa3e1000f1457c7","isDownload":"false"}

---------------------------------
[Thu Aug 10 2017 14:38:22 GMT+0800 (CST)] write db error 23010:
{}
obj:{"city":"sz","id":"598bf7799fa3e1000f1457cb","isDownload":"false"}

---------------------------------
[Thu Aug 10 2017 14:39:53 GMT+0800 (CST)] write db error 23010:
{}
obj:{"city":"sz","id":"598bf77f9fa3e1000f1457ce","isDownload":"false"}

---------------------------------
[Thu Aug 10 2017 14:41:52 GMT+0800 (CST)] write db error 23010:
{}
obj:{"city":"sz","id":"598bf7769fa3e1000f1457ca","isDownload":"false"}

---------------------------------
[Thu Aug 10 2017 14:48:57 GMT+0800 (CST)] write db error 23010:
{}
obj:{"city":"sz","id":"598bf77a9fa3e1000f1457cc","isDownload":"false"}

---------------------------------
[Thu Aug 10 2017 15:15:07 GMT+0800 (CST)] write db error 23006:
{}
obj:{"city":"sz","id":"598c02959fa3e1000f145858","isPrint":"true"}

---------------------------------
[Fri Aug 11 2017 13:07:06 GMT+0800 (CST)] write db error 23010:
{}
obj:{"city":"sz","id":"598d35b29fa3e1000f14633a","isDownload":"false"}

---------------------------------
[Fri Aug 11 2017 13:13:14 GMT+0800 (CST)] write db error 23010:
{}
obj:{"city":"sz","id":"598d35c79fa3e1000f146340","isDownload":"false"}

---------------------------------
[Fri Aug 11 2017 13:13:45 GMT+0800 (CST)] write db error 23010:
{}
obj:{"city":"sz","id":"598d35bd9fa3e1000f14633f","isDownload":"false"}

---------------------------------
[Fri Aug 11 2017 13:17:42 GMT+0800 (CST)] write db error 23010:
{}
obj:{"city":"sz","id":"598d35c89fa3e1000f146341","isDownload":"false"}

---------------------------------
[Mon Aug 14 2017 13:45:25 GMT+0800 (CST)] write db error 23010:
{}
obj:{"city":"sz","id":"599138db9fa3e1000f14816f","isDownload":"false"}

---------------------------------
[Mon Aug 14 2017 14:22:45 GMT+0800 (CST)] write db error 23010:
{}
obj:{"city":"sz","id":"59913a379fa3e1000f148193","isDownload":"false"}

---------------------------------
[Mon Aug 14 2017 14:23:54 GMT+0800 (CST)] write db error 23010:
{}
obj:{"city":"sz","id":"59913a459fa3e1000f148198","isDownload":"false"}

---------------------------------
[Tue Aug 15 2017 12:47:00 GMT+0800 (CST)] write db error 23010:
{}
obj:{"city":"sz","id":"599272179fa3e1000f1490b8","isDownload":"false"}

---------------------------------
[Tue Aug 15 2017 12:47:04 GMT+0800 (CST)] write db error 23006:
{}
obj:{"city":"sz","id":"599272179fa3e1000f1490b8","isPrint":"true"}

---------------------------------
[Tue Aug 15 2017 12:47:07 GMT+0800 (CST)] write db error 23006:
{}
obj:{"city":"sz","id":"599272179fa3e1000f1490b8","isPrint":"true"}

---------------------------------
[Tue Aug 15 2017 12:47:09 GMT+0800 (CST)] write db error 23006:
{}
obj:{"city":"sz","id":"599272179fa3e1000f1490b8","isPrint":"true"}

---------------------------------
[Tue Aug 15 2017 14:16:30 GMT+0800 (CST)] write db error 23008:
{}
obj:{"city":"sz","id":"599290559fa3e1000f1491f2","djpNote":"余弦,"}

---------------------------------
[Wed Aug 16 2017 15:02:16 GMT+0800 (CST)] write db error 23008:
{}
obj:{"city":"sz","id":"5993e8259fa3e1000f149f00","djpNote":""}

---------------------------------
[Wed Aug 16 2017 15:02:26 GMT+0800 (CST)] write db error 23008:
{}
obj:{"city":"sz","id":"5993e8259fa3e1000f149f00","djpNote":""}

---------------------------------
[Fri Aug 18 2017 07:18:38 GMT+0800 (CST)] write db error 23010:
{}
obj:{"city":"sz","id":"5995a3bf9fa3e1000f14b865","isDownload":"false"}

---------------------------------
[Fri Aug 18 2017 07:18:38 GMT+0800 (CST)] write db error 23010:
{}
obj:{"city":"sz","id":"5995a3bf9fa3e1000f14b865","isDownload":"false"}

---------------------------------
[Fri Aug 18 2017 07:18:38 GMT+0800 (CST)] write db error 23010:
{}
obj:{"city":"sz","id":"5995a3bf9fa3e1000f14b865","isDownload":"false"}

---------------------------------
[Fri Aug 18 2017 07:18:38 GMT+0800 (CST)] write db error 23010:
{}
obj:{"city":"sz","id":"5995a3bf9fa3e1000f14b865","isDownload":"false"}

---------------------------------
[Sat Aug 19 2017 14:48:34 GMT+0800 (CST)] write db error 23012:
{}
obj:{"city":"sz","id":"5997cf1f9d9a17001fe0faa9","isDownload":"false"}

---------------------------------
[Sat Aug 19 2017 14:48:36 GMT+0800 (CST)] write db error 23012:
{}
obj:{"city":"sz","id":"5997cf1f9d9a17001fe0faa9","isDownload":"false"}

---------------------------------
[Mon Aug 21 2017 13:32:52 GMT+0800 (CST)] write db error 23010:
{}
obj:{"city":"sz","id":"599a6d759d9a17001fe10228","isDownload":"false"}

---------------------------------
[Mon Aug 21 2017 13:39:42 GMT+0800 (CST)] write db error 23010:
{}
obj:{"city":"sz","id":"599a6d7a9d9a17001fe1022a","isDownload":"false"}

---------------------------------
[Mon Aug 21 2017 13:40:53 GMT+0800 (CST)] write db error 23010:
{}
obj:{"city":"sz","id":"599a6d889d9a17001fe1022b","isDownload":"false"}

---------------------------------
[Mon Aug 21 2017 13:43:50 GMT+0800 (CST)] write db error 23010:
{}
obj:{"city":"sz","id":"599a6d8f9d9a17001fe1022d","isDownload":"false"}

---------------------------------
[Mon Aug 21 2017 13:44:46 GMT+0800 (CST)] write db error 23010:
{}
obj:{"city":"sz","id":"599a6d969d9a17001fe10231","isDownload":"false"}

---------------------------------
[Mon Aug 21 2017 13:52:03 GMT+0800 (CST)] write db error 23010:
{}
obj:{"city":"sz","id":"599a6d989d9a17001fe10232","isDownload":"false"}

---------------------------------
[Tue Aug 22 2017 13:01:44 GMT+0800 (CST)] write db error 23010:
{}
obj:{"city":"sz","id":"599bb9735026d200298395d5","isDownload":"false"}

---------------------------------
[Tue Aug 22 2017 13:05:36 GMT+0800 (CST)] write db error 23010:
{}
obj:{"city":"sz","id":"599bb9755026d200298395d6","isDownload":"false"}

---------------------------------
[Tue Aug 22 2017 13:09:11 GMT+0800 (CST)] write db error 23010:
{}
obj:{"city":"sz","id":"599bb9775026d200298395d7","isDownload":"false"}

---------------------------------
[Tue Aug 22 2017 13:12:41 GMT+0800 (CST)] write db error 23010:
{}
obj:{"city":"sz","id":"599bb9785026d200298395d8","isDownload":"false"}

---------------------------------
[Tue Aug 22 2017 13:18:23 GMT+0800 (CST)] write db error 23010:
{}
obj:{"city":"sz","id":"599bb97b5026d200298395da","isDownload":"false"}

---------------------------------
[Tue Aug 22 2017 13:19:19 GMT+0800 (CST)] write db error 23010:
{}
obj:{"city":"sz","id":"599bb97d5026d200298395db","isDownload":"false"}

---------------------------------
[Tue Aug 22 2017 13:24:39 GMT+0800 (CST)] write db error 23010:
{}
obj:{"city":"sz","id":"599bb97f5026d200298395dc","isDownload":"false"}

---------------------------------
[Tue Aug 22 2017 13:25:29 GMT+0800 (CST)] write db error 23010:
{}
obj:{"city":"sz","id":"599bb9815026d200298395dd","isDownload":"false"}

---------------------------------
[Tue Aug 22 2017 13:30:33 GMT+0800 (CST)] write db error 23010:
{}
obj:{"city":"sz","id":"599bb99a5026d200298395e8","isDownload":"false"}

---------------------------------
[Tue Aug 22 2017 13:31:47 GMT+0800 (CST)] write db error 23010:
{}
obj:{"city":"sz","id":"599bb98e5026d200298395e2","isDownload":"false"}

---------------------------------
[Tue Aug 22 2017 13:33:23 GMT+0800 (CST)] write db error 23010:
{}
obj:{"city":"sz","id":"599bb9835026d200298395de","isDownload":"false"}

---------------------------------
[Tue Aug 22 2017 13:36:07 GMT+0800 (CST)] write db error 23010:
{}
obj:{"city":"sz","id":"599bb98c5026d200298395e1","isDownload":"false"}

---------------------------------
[Tue Aug 22 2017 13:41:14 GMT+0800 (CST)] write db error 23010:
{}
obj:{"city":"sz","id":"599bb98f5026d200298395e3","isDownload":"false"}

---------------------------------
[Thu Aug 24 2017 13:21:25 GMT+0800 (CST)] write db error 23010:
{}
obj:{"city":"sz","id":"599e5e91cbacb100330737df","isDownload":"false"}

---------------------------------
[Thu Aug 24 2017 13:36:36 GMT+0800 (CST)] write db error 23010:
{}
obj:{"city":"sz","id":"599e5e92cbacb100330737e0","isDownload":"false"}

---------------------------------
[Thu Aug 24 2017 13:38:53 GMT+0800 (CST)] write db error 23010:
{}
obj:{"city":"sz","id":"599e5e97cbacb100330737e2","isDownload":"false"}

---------------------------------
[Thu Aug 24 2017 13:39:51 GMT+0800 (CST)] write db error 23010:
{}
obj:{"city":"sz","id":"599e5e9fcbacb100330737e5","isDownload":"false"}

---------------------------------
[Thu Aug 24 2017 13:41:40 GMT+0800 (CST)] write db error 23010:
{}
obj:{"city":"sz","id":"599e5ea0cbacb100330737e6","isDownload":"false"}

---------------------------------
[Thu Aug 24 2017 13:42:44 GMT+0800 (CST)] write db error 23010:
{}
obj:{"city":"sz","id":"599e5f1ecbacb100330737f1","isDownload":"false"}

---------------------------------
[Mon Aug 28 2017 12:22:59 GMT+0800 (CST)] write db error 23010:
{}
obj:{"city":"sz","id":"59a39824df0460000f26fa3b","isDownload":"false"}

---------------------------------
[Mon Aug 28 2017 12:24:58 GMT+0800 (CST)] write db error 23010:
{}
obj:{"city":"sz","id":"59a39826df0460000f26fa3c","isDownload":"false"}

---------------------------------
[Tue Aug 29 2017 12:52:33 GMT+0800 (CST)] write db error 23010:
{}
obj:{"city":"sz","id":"59a4f15adf0460000f26feec","isDownload":"false"}

---------------------------------
[Tue Aug 29 2017 12:55:13 GMT+0800 (CST)] write db error 23010:
{}
obj:{"city":"sz","id":"59a4f15cdf0460000f26feee","isDownload":"false"}

---------------------------------
[Wed Aug 30 2017 12:53:37 GMT+0800 (CST)] write db error 23010:
{}
obj:{"city":"sz","id":"59a643bedf0460000f27050a","isDownload":"false"}

---------------------------------
[Wed Aug 30 2017 12:57:30 GMT+0800 (CST)] write db error 23010:
{}
obj:{"city":"sz","id":"59a643bfdf0460000f27050b","isDownload":"false"}

---------------------------------
[Wed Aug 30 2017 12:58:42 GMT+0800 (CST)] write db error 23010:
{}
obj:{"city":"sz","id":"59a643c0df0460000f27050c","isDownload":"false"}

---------------------------------
[Wed Aug 30 2017 12:59:53 GMT+0800 (CST)] write db error 23010:
{}
obj:{"city":"sz","id":"59a643b1df0460000f270503","isDownload":"false"}

---------------------------------
[Wed Aug 30 2017 15:22:19 GMT+0800 (CST)] write db error 23006:
{}
obj:{"city":"sz","id":"59a643b9df0460000f270507","isPrint":"true"}

---------------------------------
[Thu Aug 31 2017 13:25:00 GMT+0800 (CST)] write db error 23010:
{}
obj:{"city":"sz","id":"59a7917adf0460000f270cf4","isDownload":"false"}

---------------------------------
[Thu Aug 31 2017 13:28:17 GMT+0800 (CST)] write db error 23010:
{}
obj:{"city":"sz","id":"59a7917edf0460000f270cf7","isDownload":"false"}

---------------------------------
[Thu Aug 31 2017 13:29:58 GMT+0800 (CST)] write db error 23010:
{}
obj:{"city":"sz","id":"59a79180df0460000f270cf8","isDownload":"false"}

---------------------------------
[Thu Aug 31 2017 13:33:42 GMT+0800 (CST)] write db error 23010:
{}
obj:{"city":"sz","id":"59a7917ddf0460000f270cf6","isDownload":"false"}

---------------------------------
[Thu Aug 31 2017 13:47:11 GMT+0800 (CST)] write db error 23006:
{}
obj:{"city":"sz","id":"59a7917ddf0460000f270cf6","isPrint":"true"}

---------------------------------
[Mon Sep 04 2017 13:53:10 GMT+0800 (CST)] write db error 23006:
{}
obj:{"city":"sz","id":"59acd1e1df0460000f272444","isPrint":"true"}

---------------------------------
[Mon Sep 04 2017 13:53:13 GMT+0800 (CST)] write db error 23006:
{}
obj:{"city":"sz","id":"59acd1e1df0460000f272444","isPrint":"true"}

---------------------------------
[Mon Sep 04 2017 13:53:16 GMT+0800 (CST)] write db error 23006:
{}
obj:{"city":"sz","id":"59acd1e1df0460000f272444","isPrint":"true"}

---------------------------------
[Tue Sep 05 2017 13:06:32 GMT+0800 (CST)] write db error 23010:
{}
obj:{"city":"sz","id":"59ae2c58df0460000f2734af","isDownload":"false"}

---------------------------------
[Tue Sep 05 2017 13:08:09 GMT+0800 (CST)] write db error 23010:
{}
obj:{"city":"sz","id":"59ae2c5adf0460000f2734b0","isDownload":"false"}

---------------------------------
[Tue Sep 05 2017 13:12:21 GMT+0800 (CST)] write db error 23010:
{}
obj:{"city":"sz","id":"59ae2c60df0460000f2734b1","isDownload":"false"}

---------------------------------
[Tue Sep 05 2017 13:15:10 GMT+0800 (CST)] write db error 23010:
{}
obj:{"city":"sz","id":"59ae2c65df0460000f2734b2","isDownload":"false"}

---------------------------------
[Tue Sep 05 2017 13:18:19 GMT+0800 (CST)] write db error 23010:
{}
obj:{"city":"sz","id":"59ae2c6edf0460000f2734b7","isDownload":"false"}

---------------------------------
[Tue Sep 05 2017 13:34:49 GMT+0800 (CST)] write db error 23010:
{}
obj:{"city":"sz","id":"59ae2c70df0460000f2734b8","isDownload":"false"}

---------------------------------
[Tue Sep 05 2017 13:48:01 GMT+0800 (CST)] write db error 23010:
{}
obj:{"city":"sz","id":"59ae3289df0460000f27351f","isDownload":"false"}

---------------------------------
[Wed Sep 06 2017 08:16:53 GMT+0800 (CST)] write db error 23010:
{}
obj:{"city":"sz","id":"59aeb8fcdf0460000f274299","isDownload":"false"}

---------------------------------
[Wed Sep 06 2017 08:22:18 GMT+0800 (CST)] write db error 23010:
{}
obj:{"city":"sz","id":"59aeb8ffdf0460000f27429a","isDownload":"false"}

---------------------------------
[Wed Sep 06 2017 08:30:16 GMT+0800 (CST)] write db error 23010:
{}
obj:{"city":"sz","id":"59aeb91cdf0460000f2742a9","isDownload":"false"}

---------------------------------
[Wed Sep 06 2017 08:51:12 GMT+0800 (CST)] write db error 23010:
{}
obj:{"city":"sz","id":"59aeb8f2df0460000f274294","isDownload":"false"}

---------------------------------
[Wed Sep 06 2017 08:54:27 GMT+0800 (CST)] write db error 23010:
{}
obj:{"city":"sz","id":"59aeb902df0460000f27429b","isDownload":"false"}

---------------------------------
[Wed Sep 06 2017 08:57:28 GMT+0800 (CST)] write db error 23010:
{}
obj:{"city":"sz","id":"59aeb907df0460000f27429d","isDownload":"false"}

---------------------------------
[Thu Sep 07 2017 09:31:45 GMT+0800 (CST)] write db error 23010:
{}
obj:{"city":"sz","id":"59affccddf0460000f274d4e","isDownload":"false"}

---------------------------------
[Thu Sep 07 2017 09:40:38 GMT+0800 (CST)] write db error 23010:
{}
obj:{"city":"sz","id":"59affcdbdf0460000f274d54","isDownload":"false"}

---------------------------------
[Thu Sep 07 2017 09:43:41 GMT+0800 (CST)] write db error 23010:
{}
obj:{"city":"sz","id":"59affcdcdf0460000f274d55","isDownload":"false"}

---------------------------------
[Thu Sep 07 2017 09:53:04 GMT+0800 (CST)] write db error 23010:
{}
obj:{"city":"sz","id":"59affcdddf0460000f274d56","isDownload":"false"}

---------------------------------
[Thu Sep 07 2017 10:12:55 GMT+0800 (CST)] write db error 23010:
{}
obj:{"city":"sz","id":"59affce5df0460000f274d5b","isDownload":"false"}

---------------------------------
[Thu Sep 07 2017 10:16:51 GMT+0800 (CST)] write db error 23010:
{}
obj:{"city":"sz","id":"59affcf3df0460000f274d60","isDownload":"false"}

---------------------------------
[Thu Sep 07 2017 10:22:09 GMT+0800 (CST)] write db error 23010:
{}
obj:{"city":"sz","id":"59affce2df0460000f274d59","isDownload":"false"}

---------------------------------
[Thu Sep 07 2017 10:25:15 GMT+0800 (CST)] write db error 23010:
{}
obj:{"city":"sz","id":"59affce3df0460000f274d5a","isDownload":"false"}

---------------------------------
[Thu Sep 07 2017 10:31:02 GMT+0800 (CST)] write db error 23010:
{}
obj:{"city":"sz","id":"59affcebdf0460000f274d5e","isDownload":"false"}

---------------------------------
[Thu Sep 07 2017 10:46:15 GMT+0800 (CST)] write db error 23006:
{}
obj:{"city":"sz","id":"59affcebdf0460000f274d5e","isPrint":"true"}

---------------------------------
[Sat Sep 09 2017 12:09:55 GMT+0800 (CST)] write db error 23010:
{}
obj:{"city":"sz","id":"59b36708d666fb00194d6df6","isDownload":"false"}

---------------------------------
[Sat Sep 09 2017 12:14:19 GMT+0800 (CST)] write db error 23010:
{}
obj:{"city":"sz","id":"59b36709d666fb00194d6df7","isDownload":"false"}

---------------------------------
[Sat Sep 09 2017 12:17:18 GMT+0800 (CST)] write db error 23010:
{}
obj:{"city":"sz","id":"59b3670bd666fb00194d6df8","isDownload":"false"}

---------------------------------
[Mon Sep 11 2017 10:16:41 GMT+0800 (CST)] write db error 23010:
{}
obj:{"city":"sz","id":"59b5ed66d666fb00194d7518","isDownload":"false"}

---------------------------------
[Mon Sep 11 2017 10:45:52 GMT+0800 (CST)] write db error 23006:
{}
obj:{"city":"sz","id":"59b5ed85d666fb00194d7529","isPrint":"true"}

---------------------------------
[Mon Sep 11 2017 10:45:55 GMT+0800 (CST)] write db error 23006:
{}
obj:{"city":"sz","id":"59b5ed85d666fb00194d7529","isPrint":"true"}

---------------------------------
[Mon Sep 11 2017 10:45:57 GMT+0800 (CST)] write db error 23006:
{}
obj:{"city":"sz","id":"59b5ed85d666fb00194d7529","isPrint":"true"}

---------------------------------
[Tue Sep 12 2017 13:31:53 GMT+0800 (CST)] write db error 23010:
{}
obj:{"city":"sz","id":"59b74ec6d666fb00194d848f","isDownload":"false"}

---------------------------------
[Tue Sep 12 2017 13:58:29 GMT+0800 (CST)] write db error 23006:
{}
obj:{"city":"sz","id":"59b74ec6d666fb00194d848f","isPrint":"true"}

---------------------------------
[Tue Sep 12 2017 13:58:34 GMT+0800 (CST)] write db error 23006:
{}
obj:{"city":"sz","id":"59b74ec6d666fb00194d848f","isPrint":"true"}

---------------------------------
[Wed Sep 13 2017 12:53:48 GMT+0800 (CST)] write db error 23010:
{}
obj:{"city":"sz","id":"59b8b95fd666fb00194d933c","isDownload":"false"}

---------------------------------
[Wed Sep 13 2017 13:05:00 GMT+0800 (CST)] write db error 23010:
{}
obj:{"city":"sz","id":"59b8b961d666fb00194d933d","isDownload":"false"}

---------------------------------
[Wed Sep 13 2017 13:17:20 GMT+0800 (CST)] write db error 23010:
{}
obj:{"city":"sz","id":"59b8b9a4d666fb00194d9355","isDownload":"false"}

---------------------------------
[Wed Sep 13 2017 13:25:06 GMT+0800 (CST)] write db error 23010:
{}
obj:{"city":"sz","id":"59b8b976d666fb00194d9346","isDownload":"false"}

---------------------------------
[Thu Sep 14 2017 13:57:17 GMT+0800 (CST)] write db error 23010:
{}
obj:{"city":"sz","id":"59ba11ddd666fb00194da05b","isDownload":"false"}

---------------------------------
[Thu Sep 14 2017 14:01:29 GMT+0800 (CST)] write db error 23010:
{}
obj:{"city":"sz","id":"59ba1242d666fb00194da08a","isDownload":"false"}

---------------------------------
[Thu Sep 14 2017 14:12:24 GMT+0800 (CST)] write db error 23010:
{}
obj:{"city":"sz","id":"59ba1244d666fb00194da08b","isDownload":"false"}

---------------------------------
[Thu Sep 14 2017 14:14:29 GMT+0800 (CST)] write db error 23010:
{}
obj:{"city":"sz","id":"59ba126ad666fb00194da09b","isDownload":"false"}

---------------------------------
[Thu Sep 14 2017 14:18:01 GMT+0800 (CST)] write db error 23010:
{}
obj:{"city":"sz","id":"59ba127cd666fb00194da0a2","isDownload":"false"}

---------------------------------
[Thu Sep 14 2017 14:21:04 GMT+0800 (CST)] write db error 23010:
{}
obj:{"city":"sz","id":"59ba1276d666fb00194da09f","isDownload":"false"}

---------------------------------
[Fri Sep 15 2017 15:09:47 GMT+0800 (CST)] write db error 23010:
{}
obj:{"city":"sz","id":"59bb7c37d666fb00194dac7b","isDownload":"false"}

---------------------------------
[Fri Sep 15 2017 15:09:48 GMT+0800 (CST)] write db error 23010:
{}
obj:{"city":"sz","id":"59bb7c37d666fb00194dac7b","isDownload":"false"}

---------------------------------
[Fri Sep 15 2017 15:09:48 GMT+0800 (CST)] write db error 23010:
{}
obj:{"city":"sz","id":"59bb7c37d666fb00194dac7b","isDownload":"false"}

---------------------------------
[Fri Sep 15 2017 15:09:48 GMT+0800 (CST)] write db error 23010:
{}
obj:{"city":"sz","id":"59bb7c37d666fb00194dac7b","isDownload":"false"}

---------------------------------
[Fri Sep 15 2017 15:09:48 GMT+0800 (CST)] write db error 23010:
{}
obj:{"city":"sz","id":"59bb7c37d666fb00194dac7b","isDownload":"false"}

---------------------------------
[Fri Sep 15 2017 15:09:49 GMT+0800 (CST)] write db error 23010:
{}
obj:{"city":"sz","id":"59bb7c37d666fb00194dac7b","isDownload":"false"}

---------------------------------
[Mon Sep 18 2017 12:36:03 GMT+0800 (CST)] write db error 23010:
{}
obj:{"city":"sz","id":"59bf4a1fede4b7002303add3","isDownload":"false"}

---------------------------------
[Mon Sep 18 2017 12:36:54 GMT+0800 (CST)] write db error 23010:
{}
obj:{"city":"sz","id":"59bf4a2dede4b7002303add9","isDownload":"false"}

---------------------------------
[Mon Sep 18 2017 12:38:02 GMT+0800 (CST)] write db error 23010:
{}
obj:{"city":"sz","id":"59bf4a28ede4b7002303add6","isDownload":"false"}

---------------------------------
[Tue Sep 19 2017 11:26:03 GMT+0800 (CST)] write db error 23010:
{}
obj:{"city":"sz","id":"59c08332ede4b7002303b511","isDownload":"false"}

---------------------------------
[Tue Sep 19 2017 11:35:47 GMT+0800 (CST)] write db error 23010:
{}
obj:{"city":"sz","id":"59c08302ede4b7002303b50b","isDownload":"false"}

---------------------------------
[Tue Sep 19 2017 11:45:03 GMT+0800 (CST)] write db error 23010:
{}
obj:{"city":"sz","id":"59c086bbede4b7002303b5c0","isDownload":"false"}

---------------------------------
[Wed Sep 20 2017 13:43:37 GMT+0800 (CST)] write db error 23006:
{}
obj:{"city":"sz","id":"59c1f496ede4b7002303c6b3","isPrint":"true"}

---------------------------------
[Wed Sep 20 2017 13:43:39 GMT+0800 (CST)] write db error 23006:
{}
obj:{"city":"sz","id":"59c1f496ede4b7002303c6b3","isPrint":"true"}

---------------------------------
[Thu Sep 21 2017 12:51:15 GMT+0800 (CST)] write db error 23010:
{}
obj:{"city":"sz","id":"59c33b2eede4b7002303d048","isDownload":"false"}

---------------------------------
[Thu Sep 21 2017 12:52:33 GMT+0800 (CST)] write db error 23010:
{}
obj:{"city":"sz","id":"59c33b32ede4b7002303d04a","isDownload":"false"}

---------------------------------
[Thu Sep 21 2017 12:56:02 GMT+0800 (CST)] write db error 23010:
{}
obj:{"city":"sz","id":"59c33b35ede4b7002303d04b","isDownload":"false"}

---------------------------------
[Thu Sep 21 2017 12:58:21 GMT+0800 (CST)] write db error 23010:
{}
obj:{"city":"sz","id":"59c33b3dede4b7002303d051","isDownload":"false"}

---------------------------------
[Thu Sep 21 2017 13:59:52 GMT+0800 (CST)] write db error 23010:
{}
obj:{"city":"sz","id":"59c33b4bede4b7002303d053","isDownload":"false"}

---------------------------------
[Thu Sep 21 2017 14:03:17 GMT+0800 (CST)] write db error 23006:
{}
obj:{"city":"sz","id":"59c33b4bede4b7002303d053","isPrint":"true"}

---------------------------------
[Tue Sep 26 2017 12:33:45 GMT+0800 (CST)] write db error 23010:
{}
obj:{"city":"sz","id":"59c9d62281fd0b002d024173","isDownload":"false"}

---------------------------------
[Tue Sep 26 2017 12:41:21 GMT+0800 (CST)] write db error 23010:
{}
obj:{"city":"sz","id":"59c9d62581fd0b002d024175","isDownload":"false"}

---------------------------------
[Tue Sep 26 2017 12:43:12 GMT+0800 (CST)] write db error 23010:
{}
obj:{"city":"sz","id":"59c9d6cb81fd0b002d0241ac","isDownload":"false"}

---------------------------------
[Tue Sep 26 2017 12:52:46 GMT+0800 (CST)] write db error 23010:
{}
obj:{"city":"sz","id":"59c9d62381fd0b002d024174","isDownload":"false"}

---------------------------------
[Wed Sep 27 2017 13:15:18 GMT+0800 (CST)] write db error 23010:
{}
obj:{"city":"sz","id":"59cb30d181fd0b002d024c48","isDownload":"false"}

---------------------------------
[Wed Sep 27 2017 13:45:11 GMT+0800 (CST)] write db error 23010:
{}
obj:{"city":"sz","id":"59cb30db81fd0b002d024c4e","isDownload":"false"}

---------------------------------
[Wed Oct 11 2017 11:26:12 GMT+0800 (CST)] write db error 23010:
{}
obj:{"city":"sz","id":"59dd8862883c4c0019dc0d84","isDownload":"false"}

---------------------------------
[Wed Oct 11 2017 11:26:12 GMT+0800 (CST)] write db error 23010:
{}
obj:{"city":"sz","id":"59dd8862883c4c0019dc0d84","isDownload":"false"}

---------------------------------
[Mon Oct 16 2017 12:21:49 GMT+0800 (CST)] write db error 23010:
{}
obj:{"city":"sz","id":"59e41b98f1e5d5000f10ea0e","isDownload":"false"}

---------------------------------
[Mon Oct 16 2017 13:16:49 GMT+0800 (CST)] write db error 23010:
{}
obj:{"city":"sz","id":"59e432d3f1e5d5000f10eb75","isDownload":"false"}

---------------------------------
[Mon Oct 16 2017 13:21:07 GMT+0800 (CST)] write db error 23010:
{}
obj:{"city":"sz","id":"59e432e7f1e5d5000f10eb80","isDownload":"false"}

---------------------------------
[Mon Oct 16 2017 13:25:07 GMT+0800 (CST)] write db error 23010:
{}
obj:{"city":"sz","id":"59e432d2f1e5d5000f10eb74","isDownload":"false"}

---------------------------------
[Mon Oct 16 2017 13:26:07 GMT+0800 (CST)] write db error 23010:
{}
obj:{"city":"sz","id":"59e432d6f1e5d5000f10eb77","isDownload":"false"}

---------------------------------
[Mon Oct 16 2017 13:34:30 GMT+0800 (CST)] write db error 23010:
{}
obj:{"city":"sz","id":"59e432e8f1e5d5000f10eb81","isDownload":"false"}

---------------------------------
[Mon Oct 16 2017 13:39:55 GMT+0800 (CST)] write db error 23010:
{}
obj:{"city":"sz","id":"59e432e9f1e5d5000f10eb82","isDownload":"false"}

---------------------------------
[Mon Oct 16 2017 13:39:56 GMT+0800 (CST)] write db error 23010:
{}
obj:{"city":"sz","id":"59e432ebf1e5d5000f10eb83","isDownload":"false"}

---------------------------------
[Mon Oct 16 2017 13:48:58 GMT+0800 (CST)] write db error 23010:
{}
obj:{"city":"sz","id":"59e432edf1e5d5000f10eb84","isDownload":"false"}

---------------------------------
[Tue Oct 17 2017 11:18:18 GMT+0800 (CST)] write db error 23010:
{}
obj:{"city":"sz","id":"59e568562f2f6f00232a8419","isDownload":"false"}

---------------------------------
[Tue Oct 17 2017 13:20:38 GMT+0800 (CST)] write db error 23010:
{}
obj:{"city":"sz","id":"59e568782f2f6f00232a8425","isDownload":"false"}

---------------------------------
[Thu Oct 26 2017 12:52:12 GMT+0800 (CST)] write db error 23010:
{}
obj:{"city":"sz","id":"59f1698b2f2f6f00232ac8b0","isDownload":"false"}

---------------------------------
[Thu Oct 26 2017 12:52:12 GMT+0800 (CST)] write db error 23010:
{}
obj:{"city":"sz","id":"59f1698b2f2f6f00232ac8b0","isDownload":"false"}

---------------------------------
[Tue Feb 13 2018 11:46:07 GMT+0800 (CST)] write db error 23010:
{}
obj:{"city":"sz","id":"5a8256cd4957fc020d1bb4cc","isDownload":"false"}

---------------------------------
[Mon Apr 09 2018 12:08:11 GMT+0800 (CST)] write db error 23010:
{}
obj:{"city":"sz","id":"5aca1ecff6dbf2024931edb7","isDownload":"false"}

---------------------------------
[Thu Apr 26 2018 08:41:08 GMT+0800 (CST)] write db error 23010:
{}
obj:{"city":"sz","id":"5ae11fc8f6dbf20249328b3d","isDownload":"false"}

---------------------------------
[Tue May 08 2018 08:34:09 GMT+0800 (CST)] write db error 23010:
{}
obj:{"city":"sz","id":"5af0f0152f3cd00253c7f4e9","isDownload":"false"}

---------------------------------
[Wed May 09 2018 11:26:38 GMT+0800 (CST)] write db error 23010:
{}
obj:{"city":"sz","id":"5af263082f3cd00253c800b2","isDownload":"false"}

---------------------------------
[Sat May 12 2018 13:09:05 GMT+0800 (CST)] write db error 23010:
{}
obj:{"city":"sz","id":"5af64d412f3cd00253c81f67","isDownload":"false"}

---------------------------------
[Sat May 12 2018 13:09:05 GMT+0800 (CST)] write db error 23010:
{}
obj:{"city":"sz","id":"5af64d412f3cd00253c81f67","isDownload":"false"}

---------------------------------
[Sat May 12 2018 13:09:32 GMT+0800 (CST)] write db error 23010:
{}
obj:{"city":"sz","id":"5af64d442f3cd00253c81f69","isDownload":"false"}

---------------------------------
[Tue May 22 2018 11:12:01 GMT+0800 (CST)] write db error 23010:
{}
obj:{"city":"sz","id":"5b03570aafad87025d21e8f4","isDownload":"false"}

---------------------------------
[Wed May 23 2018 13:18:34 GMT+0800 (CST)] write db error 23010:
{}
obj:{"city":"sz","id":"5b04ac51afad87025d21f247","isDownload":"false"}

---------------------------------
[Wed May 23 2018 13:19:05 GMT+0800 (CST)] write db error 23010:
{}
obj:{"city":"sz","id":"5b04ac53afad87025d21f248","isDownload":"false"}

---------------------------------
[Thu May 24 2018 13:07:20 GMT+0800 (CST)] write db error 23012:
{}
obj:{"city":"sz","id":"5b06471cafad87025d220494","isDownload":"false"}

---------------------------------
[Thu May 24 2018 13:07:23 GMT+0800 (CST)] write db error 23012:
{}
obj:{"city":"sz","id":"5b06471cafad87025d220494","isDownload":"false"}

---------------------------------
[Thu May 24 2018 13:07:39 GMT+0800 (CST)] write db error 23012:
{}
obj:{"city":"sz","id":"5b06471cafad87025d220494","isDownload":"false"}

---------------------------------
[Fri Jun 15 2018 13:49:48 GMT+0800 (CST)] write db error 23010:
{}
obj:{"city":"sz","id":"5b233384bff172000fc2a654","isDownload":"false"}

---------------------------------
[Thu Jun 21 2018 12:12:38 GMT+0800 (CST)] write db error 23010:
{}
obj:{"city":"sz","id":"5b2b1673e3cad4000fb65f6e","isDownload":"false"}

---------------------------------
[Mon Jun 25 2018 09:47:51 GMT+0800 (CST)] write db error 23010:
{}
obj:{"city":"sz","id":"5b3033ffe3cad4000fb68115","isDownload":"false"}

---------------------------------
[Mon Jun 25 2018 11:04:37 GMT+0800 (CST)] write db error 23010:
{}
obj:{"city":"sz","id":"5b303406e3cad4000fb68118","isDownload":"false"}

---------------------------------
[Tue Jul 03 2018 12:42:14 GMT+0800 (CST)] write db error 23010:
{}
obj:{"city":"sz","id":"5b3abfbee3cad4000fb6c728","isDownload":"false"}

---------------------------------
[Tue Jul 03 2018 12:42:26 GMT+0800 (CST)] write db error 23010:
{}
obj:{"city":"sz","id":"5b3abfc6e3cad4000fb6c72a","isDownload":"false"}

---------------------------------
[Tue Jul 03 2018 12:43:13 GMT+0800 (CST)] write db error 23010:
{}
obj:{"city":"sz","id":"5b3abfd1e3cad4000fb6c72e","isDownload":"false"}

---------------------------------
[Wed Jul 04 2018 11:50:39 GMT+0800 (CST)] write db error 23012:
{}
obj:{"city":"sz","id":"5b3c3a0ee3cad4000fb6d242","isDownload":"false"}

---------------------------------
[Wed Jul 04 2018 11:50:43 GMT+0800 (CST)] write db error 23012:
{}
obj:{"city":"sz","id":"5b3c3a0ee3cad4000fb6d242","isDownload":"false"}

---------------------------------
[Wed Jul 04 2018 11:50:47 GMT+0800 (CST)] write db error 23012:
{}
obj:{"city":"sz","id":"5b3c3a0ee3cad4000fb6d242","isDownload":"false"}

---------------------------------
[Wed Jul 04 2018 11:50:50 GMT+0800 (CST)] write db error 23012:
{}
obj:{"city":"sz","id":"5b3c3a0ee3cad4000fb6d242","isDownload":"false"}

---------------------------------
[Tue Jul 10 2018 11:18:30 GMT+0800 (CST)] write db error 23010:
{}
obj:{"city":"sz","id":"5b43ef09e3cad4000fb70bf4","isDownload":"false"}

---------------------------------
[Tue Jul 10 2018 11:18:47 GMT+0800 (CST)] write db error 23010:
{}
obj:{"city":"sz","id":"5b43ef10e3cad4000fb70bf5","isDownload":"false"}

---------------------------------
[Tue Jul 10 2018 11:19:03 GMT+0800 (CST)] write db error 23010:
{}
obj:{"city":"sz","id":"5b43ef15e3cad4000fb70bf7","isDownload":"false"}

---------------------------------
[Tue Jul 10 2018 11:20:08 GMT+0800 (CST)] write db error 23010:
{}
obj:{"city":"sz","id":"5b43ef1ce3cad4000fb70bfb","isDownload":"false"}

---------------------------------
[Tue Jul 10 2018 11:21:31 GMT+0800 (CST)] write db error 23010:
{}
obj:{"city":"sz","id":"5b441028e3cad4000fb70c19","isDownload":"false"}

---------------------------------
[Wed Jul 11 2018 09:58:39 GMT+0800 (CST)] write db error 23010:
{}
obj:{"city":"sz","id":"5b4551b5e3cad4000fb71a05","isDownload":"false"}

---------------------------------
[Wed Jul 11 2018 12:02:36 GMT+0800 (CST)] write db error 23010:
{}
obj:{"city":"sz","id":"5b4551d9e3cad4000fb71a15","isDownload":"false"}

---------------------------------
[Mon Jul 16 2018 12:55:47 GMT+0800 (CST)] write db error 23010:
{}
obj:{"city":"sz","id":"5b4bfc5fe3cad4000fb76320","isDownload":"false"}

---------------------------------
[Fri Jul 20 2018 16:00:04 GMT+0800 (CST)] write db error 23010:
{}
obj:{"city":"sz","id":"5b518997e3cad4000fb7a3d4","isDownload":"false"}

---------------------------------
[Wed Jul 25 2018 14:43:27 GMT+0800 (CST)] write db error 23010:
{}
obj:{"city":"sz","id":"5b581ba6a9c140002d868409","isDownload":"false"}

---------------------------------
[Thu Aug 02 2018 09:48:41 GMT+0800 (CST)] write db error 23012:
{}
obj:{"city":"sz","id":"5b625ff35aca670037cf9a26","isDownload":"false"}

---------------------------------
[Thu Aug 02 2018 09:48:44 GMT+0800 (CST)] write db error 23012:
{}
obj:{"city":"sz","id":"5b625ff35aca670037cf9a26","isDownload":"false"}

---------------------------------
[Thu Aug 02 2018 12:43:32 GMT+0800 (CST)] write db error 23010:
{}
obj:{"city":"sz","id":"5b6260025aca670037cf9a2b","isDownload":"false"}

---------------------------------
[Thu Aug 02 2018 12:43:51 GMT+0800 (CST)] write db error 23010:
{}
obj:{"city":"sz","id":"5b6260035aca670037cf9a2c","isDownload":"false"}

---------------------------------
[Thu Aug 02 2018 12:43:51 GMT+0800 (CST)] write db error 23010:
{}
obj:{"city":"sz","id":"5b6260035aca670037cf9a2c","isDownload":"false"}

---------------------------------
[Thu Aug 02 2018 12:44:10 GMT+0800 (CST)] write db error 23010:
{}
obj:{"city":"sz","id":"5b6260045aca670037cf9a2d","isDownload":"false"}

---------------------------------
[Wed Aug 15 2018 11:51:56 GMT+0800 (CST)] write db error 23010:
{}
obj:{"city":"sz","id":"5b73a3131677ab018159a226","isDownload":"false"}

---------------------------------
[Mon Aug 20 2018 10:36:56 GMT+0800 (CST)] write db error 23010:
{}
obj:{"city":"sz","id":"5b7a05931677ab018159db59","isDownload":"false"}

---------------------------------
[Mon Aug 20 2018 10:37:11 GMT+0800 (CST)] write db error 23010:
{}
obj:{"city":"sz","id":"5b7a05951677ab018159db5b","isDownload":"false"}

---------------------------------
[Mon Aug 20 2018 10:37:26 GMT+0800 (CST)] write db error 23010:
{}
obj:{"city":"sz","id":"5b7a059a1677ab018159db5d","isDownload":"false"}

---------------------------------
[Sat Sep 01 2018 10:57:30 GMT+0800 (CST)] write db error 23010:
{}
obj:{"city":"sz","id":"5b89fb57af0eec01a9aecfe5","isDownload":"false"}

---------------------------------
[Sat Sep 01 2018 10:58:03 GMT+0800 (CST)] write db error 23010:
{}
obj:{"city":"sz","id":"5b89fb57af0eec01a9aecfe5","isDownload":"false"}

---------------------------------
[Sat Sep 01 2018 10:58:17 GMT+0800 (CST)] write db error 23010:
{}
obj:{"city":"sz","id":"5b89fb57af0eec01a9aecfe5","isDownload":"false"}

---------------------------------
[Thu Sep 06 2018 12:36:22 GMT+0800 (CST)] write db error 23012:
{}
obj:{"city":"sz","id":"5b90a059af0eec01a9aef841","isDownload":"true"}

---------------------------------
[Thu Sep 06 2018 12:36:24 GMT+0800 (CST)] write db error 23012:
{}
obj:{"city":"sz","id":"5b90a059af0eec01a9aef841","isDownload":"true"}

---------------------------------
[Fri Sep 07 2018 15:02:04 GMT+0800 (CST)] write db error 23010:
{}
obj:{"city":"sz","id":"5b91fe81af0eec01a9af0899","isDownload":"false"}

---------------------------------
[Fri Sep 07 2018 15:02:04 GMT+0800 (CST)] write db error 23010:
{}
obj:{"city":"sz","id":"5b91fe81af0eec01a9af0899","isDownload":"false"}

---------------------------------
[Fri Sep 07 2018 15:02:04 GMT+0800 (CST)] write db error 23010:
{}
obj:{"city":"sz","id":"5b91fe81af0eec01a9af0899","isDownload":"false"}

---------------------------------
[Sun Sep 09 2018 08:35:46 GMT+0800 (CST)] write db error 23010:
{}
obj:{"city":"sz","id":"5b946936af0eec01a9af1bf9","isDownload":"false"}

---------------------------------
[Sun Sep 09 2018 09:05:33 GMT+0800 (CST)] write db error 23010:
{}
obj:{"city":"sz","id":"5b946a24af0eec01a9af1c0d","isDownload":"false"}

---------------------------------
[Wed Sep 12 2018 11:24:33 GMT+0800 (CST)] write db error 23010:
{}
obj:{"city":"sz","id":"5b98836e69c10201b34c8183","isDownload":"false"}

---------------------------------
[Fri Sep 14 2018 12:24:04 GMT+0800 (CST)] write db error 23010:
{}
obj:{"city":"sz","id":"5b9b370a69c10201b34c9a1d","isDownload":"false"}

---------------------------------
[Tue Sep 18 2018 14:33:53 GMT+0800 (CST)] write db error 23010:
{}
obj:{"city":"sz","id":"5ba09c0d683c0501efd51642","isDownload":"false"}

---------------------------------
[Tue Sep 18 2018 14:33:53 GMT+0800 (CST)] write db error 23010:
{}
obj:{"city":"sz","id":"5ba09c0d683c0501efd51642","isDownload":"false"}

---------------------------------
[Wed Sep 19 2018 11:05:56 GMT+0800 (CST)] write db error 23010:
{}
obj:{"city":"sz","id":"5ba1bad7683c0501efd51cd1","isDownload":"false"}

---------------------------------
[Thu Sep 27 2018 13:30:50 GMT+0800 (CST)] write db error 23010:
{}
obj:{"city":"sz","id":"5bac4519705f04020309ea48","isDownload":"false"}

---------------------------------
[Mon Oct 01 2018 10:42:13 GMT+0800 (CST)] write db error 23010:
{}
obj:{"city":"sz","id":"5bb185c9aa1056000fe7fa75","isDownload":"false"}

---------------------------------
[Mon Oct 01 2018 10:44:01 GMT+0800 (CST)] write db error 23010:
{}
obj:{"city":"sz","id":"5bb185d9aa1056000fe7fa7f","isDownload":"false"}

---------------------------------
[Sun Oct 14 2018 10:52:03 GMT+0800 (CST)] write db error 23010:
{}
obj:{"city":"sz","id":"5bc2aaa32f6e3e001971514d","isDownload":"false"}

---------------------------------
[Mon Nov 05 2018 11:59:16 GMT+0800 (CST)] write db error 23010:
{}
obj:{"city":"sz","id":"5bdfa863d072770037636b6e","isDownload":"false"}

---------------------------------
[Mon Nov 05 2018 15:41:47 GMT+0800 (CST)] write db error 23010:
{}
obj:{"city":"sz","id":"5bdff350d072770037636f1b","isDownload":"false"}

---------------------------------
[Thu Dec 27 2018 12:28:09 GMT+0800 (CST)] write db error 23010:
{}
obj:{"city":"sz","id":"5c2453f5b100c4066d3a83bd","isDownload":"false"}

---------------------------------
[Tue Jan 29 2019 10:33:30 GMT+0800 (CST)] write db error 23010:
{}
obj:{"city":"sz","id":"5c4fb9a01c9b5f034d555531","isDownload":"false"}

---------------------------------
[Tue Jan 29 2019 10:34:21 GMT+0800 (CST)] write db error 23010:
{}
obj:{"city":"sz","id":"5c4fb9a31c9b5f034d555533","isDownload":"false"}

---------------------------------
[Thu Mar 07 2019 11:45:18 GMT+0800 (CST)] write db error 23012:
{}
obj:{"city":"sz","id":"5c807ddf0bbfdc000faf2923","isDownload":"true"}

---------------------------------
[Thu Mar 07 2019 11:45:22 GMT+0800 (CST)] write db error 23012:
{}
obj:{"city":"sz","id":"5c807ddf0bbfdc000faf2923","isDownload":"true"}

---------------------------------
[Thu Mar 07 2019 11:45:33 GMT+0800 (CST)] write db error 23008:
{}
obj:{"city":"sz","id":"5c807ddf0bbfdc000faf2923","djpNote":"zh9211"}

---------------------------------
[Sun May 05 2019 11:47:34 GMT+0800 (CST)] write db error 23010:
{}
obj:{"city":"sz","id":"5cce5bb24743210091addf90","isDownload":"false"}

---------------------------------
[Mon May 13 2019 12:31:49 GMT+0800 (CST)] write db error 23006:
{}
obj:{"city":"sz","id":"5cd8d39464bed5009b841972","isPrint":"true"}

---------------------------------
[Mon May 13 2019 12:32:03 GMT+0800 (CST)] write db error 23006:
{}
obj:{"city":"sz","id":"5cd8d39464bed5009b841972","isPrint":"true"}

---------------------------------
[Mon May 13 2019 12:32:05 GMT+0800 (CST)] write db error 23006:
{}
obj:{"city":"sz","id":"5cd8d39464bed5009b841972","isPrint":"true"}

---------------------------------
[Fri May 17 2019 09:24:31 GMT+0800 (CST)] write db error 23010:
{}
obj:{"city":"sz","id":"5cde0aede9ee1900a5569f8b","isDownload":"false"}

---------------------------------
[Mon May 20 2019 10:09:26 GMT+0800 (CST)] write db error 23010:
{}
obj:{"city":"sz","id":"5ce20b65e9ee1900a556b6b3","isDownload":"false"}

---------------------------------
[Fri Jun 07 2019 09:23:50 GMT+0800 (CST)] write db error 23010:
{}
obj:{"city":"sz","id":"5cf9b9e7696b7600af4635b8","isDownload":"false"}

---------------------------------
[Fri Jun 21 2019 12:47:18 GMT+0800 (CST)] write db error 23010:
{}
obj:{"city":"sz","id":"5d0c611f4520d901a97b601f","isDownload":"false"}

---------------------------------
[Sun Sep 29 2019 16:10:57 GMT+0800 (CST)] write db error 23010:
{}
obj:{"city":"sz","id":"5d9028308ecdc100199b2575","isDownload":"false"}

---------------------------------
[Fri Oct 04 2019 09:37:44 GMT+0800 (CST)] write db error 23010:
{}
obj:{"city":"sz","id":"5d968d658ecdc100199b55d8","isDownload":"false"}

---------------------------------
[Fri Oct 04 2019 09:37:52 GMT+0800 (CST)] write db error 23010:
{}
obj:{"city":"sz","id":"5d968d658ecdc100199b55d8","isDownload":"false"}

---------------------------------
[Fri Oct 04 2019 09:37:53 GMT+0800 (CST)] write db error 23010:
{}
obj:{"city":"sz","id":"5d968d658ecdc100199b55d8","isDownload":"false"}

---------------------------------
[Fri Oct 04 2019 09:37:57 GMT+0800 (CST)] write db error 23010:
{}
obj:{"city":"sz","id":"5d968d658ecdc100199b55d8","isDownload":"false"}

---------------------------------
[Fri Oct 04 2019 09:37:58 GMT+0800 (CST)] write db error 23010:
{}
obj:{"city":"sz","id":"5d968d658ecdc100199b55d8","isDownload":"false"}

---------------------------------
[Sat Oct 05 2019 09:05:33 GMT+0800 (CST)] write db error 23010:
{}
obj:{"city":"sz","id":"5d97e9648ecdc100199b57cd","isDownload":"false"}

---------------------------------
[Sat Oct 05 2019 09:05:37 GMT+0800 (CST)] write db error 23010:
{}
obj:{"city":"sz","id":"5d97e9648ecdc100199b57cd","isDownload":"false"}

---------------------------------
[Sat Oct 05 2019 09:05:37 GMT+0800 (CST)] write db error 23010:
{}
obj:{"city":"sz","id":"5d97e9648ecdc100199b57cd","isDownload":"false"}

---------------------------------
[Sat Oct 05 2019 09:05:37 GMT+0800 (CST)] write db error 23010:
{}
obj:{"city":"sz","id":"5d97e9648ecdc100199b57cd","isDownload":"false"}

---------------------------------
[Sat Oct 05 2019 09:05:37 GMT+0800 (CST)] write db error 23010:
{}
obj:{"city":"sz","id":"5d97e9648ecdc100199b57cd","isDownload":"false"}

---------------------------------
[Sat Oct 05 2019 09:05:37 GMT+0800 (CST)] write db error 23010:
{}
obj:{"city":"sz","id":"5d97e9648ecdc100199b57cd","isDownload":"false"}

---------------------------------
[Sun Oct 13 2019 10:51:48 GMT+0800 (CST)] write db error 23010:
{}
obj:{"city":"sz","id":"5da28c388ecdc100199bb296","isDownload":"false"}

---------------------------------
[Sun Oct 20 2019 09:18:53 GMT+0800 (CST)] write db error 23010:
{}
obj:{"city":"sz","id":"5dab29428ecdc100199c0285","isDownload":"false"}

---------------------------------
[Sun Oct 20 2019 09:18:57 GMT+0800 (CST)] write db error 23010:
{}
obj:{"city":"sz","id":"5dab29448ecdc100199c0286","isDownload":"false"}

---------------------------------
[Sat Nov 02 2019 15:52:02 GMT+0800 (CST)] write db error 23010:
{}
obj:{"city":"sz","id":"5dbd2ff88ecdc100199c7f07","isDownload":"false"}

---------------------------------
[Sat Nov 02 2019 15:52:39 GMT+0800 (CST)] write db error 23010:
{}
obj:{"city":"sz","id":"5dbd30fb8ecdc100199c7f50","isDownload":"false"}

---------------------------------
[Sun Nov 03 2019 10:44:13 GMT+0800 (CST)] write db error 23010:
{}
obj:{"city":"sz","id":"5dbe3d1d8ecdc100199c7f92","isDownload":"false"}

---------------------------------
[Sun Nov 03 2019 10:44:14 GMT+0800 (CST)] write db error 23010:
{}
obj:{"city":"sz","id":"5dbe3d1d8ecdc100199c7f92","isDownload":"false"}

---------------------------------
[Sun Nov 03 2019 10:44:16 GMT+0800 (CST)] write db error 23010:
{}
obj:{"city":"sz","id":"5dbe3d1d8ecdc100199c7f92","isDownload":"false"}

---------------------------------
[Sun Nov 03 2019 10:44:17 GMT+0800 (CST)] write db error 23010:
{}
obj:{"city":"sz","id":"5dbe3d1d8ecdc100199c7f92","isDownload":"false"}

---------------------------------
[Sun Nov 03 2019 10:44:18 GMT+0800 (CST)] write db error 23010:
{}
obj:{"city":"sz","id":"5dbe3d1d8ecdc100199c7f92","isDownload":"false"}

---------------------------------
[Sun Nov 03 2019 10:44:19 GMT+0800 (CST)] write db error 23010:
{}
obj:{"city":"sz","id":"5dbe3d1d8ecdc100199c7f92","isDownload":"false"}

---------------------------------
[Sun Nov 03 2019 10:44:20 GMT+0800 (CST)] write db error 23010:
{}
obj:{"city":"sz","id":"5dbe3d1d8ecdc100199c7f92","isDownload":"false"}

---------------------------------
[Sun Nov 03 2019 10:44:20 GMT+0800 (CST)] write db error 23010:
{}
obj:{"city":"sz","id":"5dbe3d308ecdc100199c7f95","isDownload":"false"}

---------------------------------
[Sun Nov 03 2019 10:44:20 GMT+0800 (CST)] write db error 23010:
{}
obj:{"city":"sz","id":"5dbe3d1d8ecdc100199c7f92","isDownload":"false"}

---------------------------------
[Sun Nov 03 2019 10:44:20 GMT+0800 (CST)] write db error 23010:
{}
obj:{"city":"sz","id":"5dbe3d1d8ecdc100199c7f92","isDownload":"false"}

---------------------------------
[Sun Nov 03 2019 10:44:21 GMT+0800 (CST)] write db error 23010:
{}
obj:{"city":"sz","id":"5dbe3d1d8ecdc100199c7f92","isDownload":"false"}

---------------------------------
[Sun Nov 03 2019 10:44:21 GMT+0800 (CST)] write db error 23010:
{}
obj:{"city":"sz","id":"5dbe3d1d8ecdc100199c7f92","isDownload":"false"}

---------------------------------
[Sun Nov 03 2019 10:44:22 GMT+0800 (CST)] write db error 23010:
{}
obj:{"city":"sz","id":"5dbe3d1d8ecdc100199c7f92","isDownload":"false"}

---------------------------------
[Wed Nov 06 2019 12:38:07 GMT+0800 (CST)] write db error 23010:
{}
obj:{"city":"sz","id":"5dc239d28ecdc100199c98fc","isDownload":"false"}

---------------------------------
[Fri Nov 29 2019 11:28:06 GMT+0800 (CST)] write db error 23010:
{}
obj:{"city":"sz","id":"5de08efa8ecdc100199d2e10","isDownload":"false"}

---------------------------------
[Sat Dec 07 2019 13:02:04 GMT+0800 (CST)] write db error 23010:
{}
obj:{"city":"sz","id":"5deb310b8ecdc100199d5856","isDownload":"false"}

---------------------------------
[Sat Dec 07 2019 13:02:06 GMT+0800 (CST)] write db error 23010:
{}
obj:{"city":"sz","id":"5deb310b8ecdc100199d5856","isDownload":"false"}

---------------------------------
[Sat Dec 14 2019 14:23:04 GMT+0800 (CST)] write db error 23010:
{}
obj:{"city":"sz","id":"5df47d738ecdc100199d7c43","isDownload":"false"}

---------------------------------
[Sat Dec 14 2019 14:23:05 GMT+0800 (CST)] write db error 23010:
{}
obj:{"city":"sz","id":"5df47d738ecdc100199d7c43","isDownload":"false"}

---------------------------------
[Sat Dec 14 2019 14:23:08 GMT+0800 (CST)] write db error 23010:
{}
obj:{"city":"sz","id":"5df47d738ecdc100199d7c43","isDownload":"false"}

---------------------------------
[Sat Dec 14 2019 14:23:09 GMT+0800 (CST)] write db error 23010:
{}
obj:{"city":"sz","id":"5df47d738ecdc100199d7c43","isDownload":"false"}

---------------------------------
[Sat Dec 14 2019 14:23:11 GMT+0800 (CST)] write db error 23010:
{}
obj:{"city":"sz","id":"5df47d738ecdc100199d7c43","isDownload":"false"}

---------------------------------
[Sat Dec 14 2019 14:23:15 GMT+0800 (CST)] write db error 23010:
{}
obj:{"city":"sz","id":"5df47d738ecdc100199d7c43","isDownload":"false"}

---------------------------------
[Sat Dec 14 2019 14:23:19 GMT+0800 (CST)] write db error 23010:
{}
obj:{"city":"sz","id":"5df47d738ecdc100199d7c43","isDownload":"false"}

---------------------------------
[Sat Dec 14 2019 14:23:21 GMT+0800 (CST)] write db error 23010:
{}
obj:{"city":"sz","id":"5df47d738ecdc100199d7c43","isDownload":"false"}

---------------------------------
[Sat Dec 14 2019 14:23:23 GMT+0800 (CST)] write db error 23010:
{}
obj:{"city":"sz","id":"5df47d738ecdc100199d7c43","isDownload":"false"}

---------------------------------
[Sat Aug 22 2020 12:54:33 GMT+0800 (CST)] write db error 23012:
{}
obj:{"city":"sz","id":"5f40a4e3f52e0e001a51d1bf","isDownload":"false"}

---------------------------------
[Mon Aug 24 2020 11:36:22 GMT+0800 (CST)] write db error 23010:
{}
obj:{"city":"sz","id":"5f4333a7f52e0e001a51d3b9","isDownload":"false"}

---------------------------------
[Wed Sep 23 2020 12:50:43 GMT+0800 (CST)] write db error 23010:
{}
obj:{"city":"sz","id":"5f6acf17f52e0e001a52b8f0","isDownload":"false"}

---------------------------------
[Wed Oct 07 2020 10:44:09 GMT+0800 (CST)] write db error 23020:
{}
obj:{"sm":"5f7042d0f52e0e001a52d677","name":"华联"}

---------------------------------
[Wed Oct 07 2020 10:44:12 GMT+0800 (CST)] write db error 23020:
{}
obj:{"sm":"5f704308f52e0e001a52d6c1","name":"华联"}

---------------------------------
[Sat May 01 2021 12:19:31 GMT+0800 (CST)] write db error 23010:
{}
obj:{"city":"sz","id":"608cd5896acfe00010a8b9e1","isDownload":"false"}

