---------------------------------
[Fri Sep 08 2017 09:34:58 GMT+0800 (CST)] write db error 17002:
null
obj:{"company":"598ad3cd9fa3e1000f144bd8","companyAbbr":"哈尔滨锦弘","name":"林丽娟","phone":13662353787}

---------------------------------
[Mon Nov 27 2017 15:54:13 GMT+0800 (CST)] write db error 17002:
null
obj:{"company":"553a55db64d7dffc4b7dce8e","companyAbbr":"悠游假期北京线","name":"郭金英","phone":18588439307}

---------------------------------
[Sun Mar 11 2018 19:44:23 GMT+0800 (CST)] write db error 17002:
null
obj:{"company":"5a977c80dc88f0022133b12f","companyAbbr":"中意假期","name":"赵瑜","phone":13620972267}

---------------------------------
[Sat Jun 30 2018 09:57:45 GMT+0800 (CST)] write db error 17002:
null
obj:{"company":"57739ca220b5a069009c0814","companyAbbr":"西北假期","name":"黄冬强","phone":13692174113}

---------------------------------
[Fri Sep 28 2018 18:31:15 GMT+0800 (CST)] write db error 17002:
null
obj:{"company":"553a55db64d7dffc4b7dce8e","companyAbbr":"悠游假期北京线","name":"许静兰","phone":13823686894}

---------------------------------
[Sun Sep 30 2018 16:33:55 GMT+0800 (CST)] write db error 17002:
null
obj:{"company":"5719de91ce38a510009455d2","companyAbbr":"杭州原美","name":"王亚兰","phone":15168430640}

---------------------------------
[Tue Mar 19 2019 14:42:53 GMT+0800 (CST)] write db error 17002:
null
obj:{"company":"553a55db64d7dffc4b7dce8b","companyAbbr":"阳光海岛","name":"杨媚君","phone":18038037077}

---------------------------------
[Mon May 27 2019 10:42:57 GMT+0800 (CST)] write db error 17002:
null
obj:{"company":"5ce4f1d9696b7600af4590ae","companyAbbr":"桂林寻梦假期","name":"陈信","phone":18968103855}

---------------------------------
[Wed Aug 21 2019 11:43:24 GMT+0800 (CST)] write db error 17002:
null
obj:{"company":"5c4d688a1c9b5f034d554ad9","companyAbbr":"明珠深办","name":"琪琪","phone":13510065103}

---------------------------------
[Mon Nov 18 2019 12:04:12 GMT+0800 (CST)] write db error 17002:
null
obj:{"companyAbbr":"雪之旅广办","name":"胡远征","phone":13682217706,"company":"571f18a45b32481000d1a712"}

---------------------------------
[Thu Sep 10 2020 09:47:45 GMT+0800 (CST)] write db error 17002:
null
obj:{"company":"5eccf807b4b46e0023ea2c6f","companyAbbr":"枫行国旅","name":"曾雪琴","phone":18126769236}

---------------------------------
[Wed Sep 16 2020 10:28:47 GMT+0800 (CST)] write db error 17002:
null
obj:{"company":"57fdab654e0bf09500698b1a","companyAbbr":"椰林假期","name":"小蕾","phone":15521218282}

---------------------------------
[Thu Oct 15 2020 11:51:27 GMT+0800 (CST)] write db error 17002:
null
obj:{"company":"57fdab654e0bf09500698b1a","companyAbbr":"椰林假期","name":"翁淑容","phone":13229921818}

---------------------------------
[Sun Oct 18 2020 11:25:03 GMT+0800 (CST)] write db error 17002:
null
obj:{"company":"580ddc264e0bf0950069f41e","companyAbbr":"江西神州","name":"李婷","phone":13710912030}

